{"/Users/yichun/Documents/work/node-stylus-require/test/node/node.js":{"path":"/Users/yichun/Documents/work/node-stylus-require/test/node/node.js","s":{"1":1,"2":1,"3":1,"4":1,"5":1,"6":1,"7":1,"8":1,"9":1,"10":1,"11":1,"12":1,"13":1,"14":1,"15":1,"16":1,"17":1,"18":1,"19":1,"20":1,"21":1,"22":1,"23":1,"24":1,"25":1,"26":1,"27":1,"28":1,"29":1,"30":1,"31":1,"32":1,"33":1,"34":1,"35":1,"36":1,"37":1,"38":1,"39":1,"40":1,"41":1,"42":1,"43":1,"44":1,"45":1,"46":1,"47":1,"48":1,"49":1,"50":1,"51":1,"52":0,"53":0,"54":1,"55":1,"56":1,"57":1,"58":1,"59":1,"60":1,"61":1,"62":1,"63":0},"b":{"1":[1,1],"2":[1,0]},"f":{"1":1,"2":1,"3":1,"4":1,"5":1,"6":1,"7":1,"8":1,"9":1,"10":1,"11":1,"12":1,"13":0,"14":1,"15":1,"16":1},"fnMap":{"1":{"name":"(anonymous_1)","line":5,"loc":{"start":{"line":5,"column":17},"end":{"line":5,"column":29}}},"2":{"name":"(anonymous_2)","line":8,"loc":{"start":{"line":8,"column":8},"end":{"line":8,"column":20}}},"3":{"name":"(anonymous_3)","line":12,"loc":{"start":{"line":12,"column":19},"end":{"line":12,"column":31}}},"4":{"name":"(anonymous_4)","line":21,"loc":{"start":{"line":21,"column":17},"end":{"line":21,"column":29}}},"5":{"name":"removeException","line":24,"loc":{"start":{"line":24,"column":5},"end":{"line":24,"column":32}}},"6":{"name":"(anonymous_6)","line":32,"loc":{"start":{"line":32,"column":20},"end":{"line":32,"column":32}}},"7":{"name":"(anonymous_7)","line":42,"loc":{"start":{"line":42,"column":9},"end":{"line":42,"column":25}}},"8":{"name":"(anonymous_8)","line":58,"loc":{"start":{"line":58,"column":17},"end":{"line":58,"column":43}}},"9":{"name":"(anonymous_9)","line":63,"loc":{"start":{"line":63,"column":32},"end":{"line":63,"column":44}}},"10":{"name":"(anonymous_10)","line":71,"loc":{"start":{"line":71,"column":8},"end":{"line":71,"column":24}}},"11":{"name":"(anonymous_11)","line":73,"loc":{"start":{"line":73,"column":27},"end":{"line":73,"column":39}}},"12":{"name":"(anonymous_12)","line":80,"loc":{"start":{"line":80,"column":20},"end":{"line":80,"column":36}}},"13":{"name":"(anonymous_13)","line":88,"loc":{"start":{"line":88,"column":12},"end":{"line":88,"column":25}}},"14":{"name":"(anonymous_14)","line":93,"loc":{"start":{"line":93,"column":11},"end":{"line":93,"column":26}}},"15":{"name":"(anonymous_15)","line":96,"loc":{"start":{"line":96,"column":10},"end":{"line":96,"column":26}}},"16":{"name":"(anonymous_16)","line":100,"loc":{"start":{"line":100,"column":26},"end":{"line":100,"column":42}}}},"statementMap":{"1":{"start":{"line":1,"column":0},"end":{"line":1,"column":30}},"2":{"start":{"line":2,"column":0},"end":{"line":2,"column":32}},"3":{"start":{"line":3,"column":0},"end":{"line":3,"column":26}},"4":{"start":{"line":5,"column":0},"end":{"line":30,"column":2}},"5":{"start":{"line":6,"column":2},"end":{"line":6,"column":38}},"6":{"start":{"line":8,"column":2},"end":{"line":10,"column":4}},"7":{"start":{"line":9,"column":4},"end":{"line":9,"column":17}},"8":{"start":{"line":12,"column":2},"end":{"line":19,"column":4}},"9":{"start":{"line":13,"column":4},"end":{"line":13,"column":19}},"10":{"start":{"line":15,"column":4},"end":{"line":15,"column":48}},"11":{"start":{"line":17,"column":4},"end":{"line":17,"column":56}},"12":{"start":{"line":18,"column":4},"end":{"line":18,"column":57}},"13":{"start":{"line":21,"column":2},"end":{"line":28,"column":4}},"14":{"start":{"line":22,"column":4},"end":{"line":22,"column":18}},"15":{"start":{"line":24,"column":4},"end":{"line":26,"column":32}},"16":{"start":{"line":25,"column":8},"end":{"line":25,"column":43}},"17":{"start":{"line":32,"column":0},"end":{"line":110,"column":2}},"18":{"start":{"line":33,"column":2},"end":{"line":33,"column":27}},"19":{"start":{"line":35,"column":2},"end":{"line":35,"column":34}},"20":{"start":{"line":36,"column":2},"end":{"line":36,"column":38}},"21":{"start":{"line":37,"column":2},"end":{"line":37,"column":21}},"22":{"start":{"line":38,"column":2},"end":{"line":38,"column":12}},"23":{"start":{"line":39,"column":2},"end":{"line":39,"column":24}},"24":{"start":{"line":40,"column":2},"end":{"line":40,"column":35}},"25":{"start":{"line":42,"column":2},"end":{"line":69,"column":4}},"26":{"start":{"line":43,"column":4},"end":{"line":43,"column":19}},"27":{"start":{"line":44,"column":4},"end":{"line":44,"column":34}},"28":{"start":{"line":45,"column":4},"end":{"line":45,"column":45}},"29":{"start":{"line":47,"column":4},"end":{"line":48,"column":6}},"30":{"start":{"line":50,"column":4},"end":{"line":50,"column":30}},"31":{"start":{"line":52,"column":4},"end":{"line":52,"column":62}},"32":{"start":{"line":54,"column":4},"end":{"line":54,"column":33}},"33":{"start":{"line":56,"column":4},"end":{"line":56,"column":60}},"34":{"start":{"line":58,"column":4},"end":{"line":61,"column":6}},"35":{"start":{"line":59,"column":6},"end":{"line":59,"column":30}},"36":{"start":{"line":60,"column":6},"end":{"line":60,"column":12}},"37":{"start":{"line":63,"column":4},"end":{"line":68,"column":6}},"38":{"start":{"line":64,"column":6},"end":{"line":64,"column":41}},"39":{"start":{"line":65,"column":6},"end":{"line":65,"column":38}},"40":{"start":{"line":66,"column":6},"end":{"line":66,"column":70}},"41":{"start":{"line":67,"column":6},"end":{"line":67,"column":12}},"42":{"start":{"line":71,"column":2},"end":{"line":78,"column":4}},"43":{"start":{"line":72,"column":4},"end":{"line":72,"column":17}},"44":{"start":{"line":73,"column":4},"end":{"line":76,"column":6}},"45":{"start":{"line":74,"column":6},"end":{"line":74,"column":43}},"46":{"start":{"line":75,"column":6},"end":{"line":75,"column":12}},"47":{"start":{"line":77,"column":4},"end":{"line":77,"column":20}},"48":{"start":{"line":80,"column":2},"end":{"line":109,"column":4}},"49":{"start":{"line":81,"column":4},"end":{"line":81,"column":43}},"50":{"start":{"line":82,"column":4},"end":{"line":86,"column":6}},"51":{"start":{"line":88,"column":4},"end":{"line":91,"column":6}},"52":{"start":{"line":89,"column":6},"end":{"line":89,"column":35}},"53":{"start":{"line":90,"column":6},"end":{"line":90,"column":12}},"54":{"start":{"line":93,"column":4},"end":{"line":108,"column":6}},"55":{"start":{"line":94,"column":6},"end":{"line":94,"column":23}},"56":{"start":{"line":97,"column":6},"end":{"line":97,"column":22}},"57":{"start":{"line":98,"column":6},"end":{"line":98,"column":34}},"58":{"start":{"line":100,"column":6},"end":{"line":105,"column":9}},"59":{"start":{"line":101,"column":8},"end":{"line":101,"column":37}},"60":{"start":{"line":102,"column":8},"end":{"line":102,"column":52}},"61":{"start":{"line":103,"column":8},"end":{"line":103,"column":45}},"62":{"start":{"line":104,"column":8},"end":{"line":104,"column":52}},"63":{"start":{"line":107,"column":6},"end":{"line":107,"column":12}}},"branchMap":{"1":{"line":73,"type":"binary-expr","locations":[{"start":{"line":73,"column":4},"end":{"line":73,"column":10}},{"start":{"line":73,"column":14},"end":{"line":76,"column":6}}]},"2":{"line":77,"type":"binary-expr","locations":[{"start":{"line":77,"column":4},"end":{"line":77,"column":10}},{"start":{"line":77,"column":14},"end":{"line":77,"column":20}}]}}}}