{"/Users/yichun/Documents/work/node-stylus-require/test/webpack/webpack.test.js":{"path":"/Users/yichun/Documents/work/node-stylus-require/test/webpack/webpack.test.js","s":{"1":1,"2":1,"3":1,"4":51,"5":24,"6":27,"7":27,"8":27,"9":27,"10":1,"11":1,"12":1,"13":1,"14":1,"15":1,"16":1,"17":1,"18":1,"19":1,"20":1,"21":1,"22":1,"23":1,"24":1,"25":1,"26":1,"27":1,"28":1,"29":4,"30":1,"31":1,"32":1,"33":1,"34":1,"35":1,"36":1,"37":1,"38":1,"39":1,"40":1,"41":1,"42":0,"43":1,"44":1,"45":0,"46":0,"47":0,"48":0,"49":0,"50":0,"51":1,"52":12,"53":12,"54":1,"55":1,"56":1,"57":1,"58":0,"59":1,"60":1,"61":1,"62":11,"63":1,"64":1,"65":1,"66":0,"67":0,"68":0,"69":0,"70":0,"71":0,"72":0,"73":0,"74":0,"75":0,"76":0,"77":0,"78":1,"79":0,"80":0,"81":0,"82":0,"83":0,"84":0,"85":1,"86":0,"87":0,"88":0,"89":0,"90":1,"91":0,"92":0,"93":1,"94":0,"95":0,"96":0,"97":0,"98":0,"99":0,"100":1,"101":0,"102":0,"103":0,"104":1,"105":0,"106":0,"107":0,"108":1,"109":0,"110":0,"111":0,"112":1,"113":0,"114":1,"115":1,"116":0,"117":1,"118":1,"119":1,"120":8,"121":8,"122":8,"123":1,"124":1,"125":1,"126":42,"127":42,"128":6,"129":36,"130":4,"131":30,"132":120,"133":0,"134":8,"135":8,"136":8,"137":180,"138":180,"139":8,"140":1,"141":1,"142":4,"143":0,"144":4,"145":0,"146":4,"147":0,"148":4,"149":0,"150":4,"151":0,"152":4,"153":1,"154":8,"155":1,"156":1,"157":1,"158":1,"159":31,"160":1,"161":1,"162":1,"163":1,"164":1,"165":0,"166":1,"167":1,"168":1,"169":1,"170":0,"171":0,"172":0,"173":0,"174":1,"175":0,"176":0,"177":0,"178":0,"179":0,"180":0,"181":1,"182":0,"183":0,"184":0,"185":0,"186":0,"187":0,"188":0,"189":0,"190":0,"191":0,"192":0,"193":0,"194":0,"195":0,"196":0,"197":0,"198":0,"199":0,"200":0,"201":0,"202":0,"203":0,"204":0,"205":0,"206":0,"207":0,"208":0,"209":0,"210":0,"211":0,"212":0,"213":0,"214":0,"215":0,"216":0,"217":0,"218":0,"219":0,"220":0,"221":0,"222":0,"223":0,"224":0,"225":0,"226":0,"227":0,"228":0,"229":0,"230":0,"231":0,"232":0,"233":0,"234":0,"235":0,"236":0,"237":0,"238":0,"239":0,"240":0,"241":0,"242":0,"243":0,"244":0,"245":0,"246":0,"247":0,"248":0,"249":1,"250":33,"251":33,"252":33,"253":1,"254":0,"255":0,"256":0,"257":0,"258":0,"259":0,"260":1,"261":1,"262":0,"263":0,"264":0,"265":0,"266":0,"267":0,"268":0,"269":1,"270":0,"271":0,"272":0,"273":0,"274":0,"275":0,"276":0,"277":1,"278":0,"279":0,"280":0,"281":0,"282":0,"283":1,"284":9,"285":0,"286":0,"287":0,"288":0,"289":0,"290":0,"291":0,"292":0,"293":0,"294":0,"295":0,"296":0,"297":0,"298":0,"299":0,"300":0,"301":0,"302":1,"303":0,"304":1,"305":0,"306":1,"307":0,"308":1,"309":0,"310":1,"311":2,"312":0,"313":1,"314":0,"315":0,"316":0,"317":1,"318":0,"319":1,"320":0,"321":0,"322":0,"323":1,"324":0,"325":1,"326":0,"327":1,"328":0,"329":0,"330":0,"331":1,"332":0,"333":0,"334":0,"335":1,"336":0,"337":0,"338":0,"339":0,"340":0,"341":0,"342":0,"343":0,"344":0,"345":1,"346":0,"347":1,"348":0,"349":1,"350":0,"351":1,"352":1,"353":1,"354":1,"355":1,"356":1,"357":1,"358":1,"359":1,"360":1,"361":0,"362":1,"363":0,"364":1,"365":0,"366":1,"367":0,"368":1,"369":0,"370":1,"371":0,"372":1,"373":0,"374":0,"375":0,"376":0,"377":0,"378":0,"379":0,"380":0,"381":0,"382":0,"383":0,"384":0,"385":0,"386":0,"387":0,"388":0,"389":0,"390":1,"391":0,"392":0,"393":0,"394":0,"395":0,"396":0,"397":0,"398":0,"399":0,"400":0,"401":0,"402":0,"403":0,"404":0,"405":0,"406":0,"407":0,"408":0,"409":0,"410":0,"411":0,"412":0,"413":1,"414":1,"415":0,"416":1,"417":1,"418":1,"419":0,"420":0,"421":1,"422":0,"423":0,"424":0,"425":0,"426":0,"427":0,"428":0,"429":0,"430":0,"431":1,"432":0,"433":1,"434":1,"435":0,"436":0,"437":0,"438":0,"439":0,"440":0,"441":0,"442":0,"443":0,"444":0,"445":0,"446":0,"447":0,"448":0,"449":0,"450":0,"451":0,"452":0,"453":0,"454":1,"455":1,"456":0,"457":1,"458":0,"459":1,"460":0,"461":0,"462":0,"463":0,"464":0,"465":0,"466":0,"467":1,"468":1,"469":1,"470":10,"471":10,"472":10,"473":10,"474":1,"475":2,"476":2,"477":0,"478":0,"479":0,"480":0,"481":0,"482":0,"483":0,"484":0,"485":0,"486":0,"487":1,"488":0,"489":1,"490":0,"491":1,"492":52,"493":6,"494":6,"495":6,"496":6,"497":0,"498":0,"499":0,"500":0,"501":0,"502":0,"503":0,"504":0,"505":0,"506":0,"507":6,"508":0,"509":0,"510":0,"511":6,"512":4,"513":6,"514":6,"515":6,"516":52,"517":0,"518":0,"519":0,"520":0,"521":1,"522":14,"523":14,"524":8,"525":8,"526":14,"527":0,"528":0,"529":0,"530":1,"531":20,"532":20,"533":0,"534":20,"535":20,"536":20,"537":19,"538":1,"539":0,"540":1,"541":0,"542":1,"543":1,"544":1,"545":1,"546":1,"547":1,"548":1,"549":0,"550":0,"551":1,"552":1,"553":0,"554":0,"555":1,"556":1,"557":1,"558":1,"559":1,"560":0,"561":0,"562":0,"563":1,"564":1,"565":0,"566":0,"567":1,"568":1,"569":0,"570":0,"571":1,"572":0,"573":0,"574":1,"575":0,"576":0,"577":1,"578":0,"579":0,"580":1,"581":0,"582":0,"583":1,"584":0,"585":0,"586":1,"587":0,"588":0,"589":0,"590":0,"591":0,"592":0,"593":0,"594":0,"595":0,"596":1,"597":0,"598":0,"599":0,"600":0,"601":0,"602":0,"603":0,"604":0,"605":0,"606":0,"607":0,"608":0,"609":0,"610":0,"611":1,"612":0,"613":1,"614":0,"615":1,"616":0,"617":0,"618":1,"619":1,"620":1,"621":1,"622":19,"623":19,"624":0,"625":0,"626":0,"627":0,"628":19,"629":1,"630":1,"631":0,"632":1,"633":1,"634":8,"635":1,"636":18,"637":12,"638":12,"639":18,"640":18,"641":0,"642":18,"643":1,"644":6,"645":1,"646":0,"647":8,"648":6,"649":2,"650":2,"651":2,"652":2,"653":2,"654":0,"655":2,"656":0,"657":0,"658":0,"659":0,"660":0,"661":0,"662":0,"663":0,"664":2,"665":0,"666":0,"667":0,"668":0,"669":0,"670":0,"671":0,"672":0,"673":0,"674":0,"675":0,"676":0,"677":0,"678":0,"679":0,"680":0,"681":0,"682":0,"683":0,"684":0,"685":0,"686":0,"687":0,"688":0,"689":0,"690":0,"691":0,"692":0,"693":0,"694":0,"695":0,"696":0,"697":0,"698":0,"699":0,"700":0,"701":0,"702":0,"703":0,"704":0,"705":0,"706":0,"707":0,"708":0,"709":0,"710":0,"711":0,"712":0,"713":0,"714":0,"715":0,"716":0,"717":0,"718":0,"719":0,"720":0,"721":0,"722":0,"723":0,"724":0,"725":0,"726":0,"727":0,"728":0,"729":0,"730":0,"731":0,"732":0,"733":0,"734":0,"735":0,"736":0,"737":0,"738":0,"739":0,"740":0,"741":0,"742":0,"743":0,"744":0,"745":0,"746":0,"747":0,"748":0,"749":0,"750":0,"751":0,"752":0,"753":0,"754":0,"755":0,"756":0,"757":2,"758":2,"759":0,"760":0,"761":2,"762":2,"763":2,"764":6,"765":6,"766":6,"767":0,"768":6,"769":6,"770":6,"771":0,"772":2,"773":2,"774":6,"775":6,"776":6,"777":0,"778":2,"779":2,"780":2,"781":0,"782":2,"783":2,"784":2,"785":2,"786":2,"787":2,"788":0,"789":0,"790":0,"791":0,"792":2,"793":1,"794":1,"795":2,"796":2,"797":2,"798":2,"799":2,"800":2,"801":2,"802":2,"803":2,"804":2,"805":1,"806":1,"807":1,"808":12,"809":12,"810":24,"811":12,"812":1,"813":1,"814":12,"815":1,"816":1,"817":0,"818":1,"819":1,"820":0,"821":1,"822":1,"823":0,"824":0,"825":1,"826":1,"827":0,"828":0,"829":1,"830":0,"831":0,"832":1,"833":0,"834":0,"835":1,"836":0,"837":0,"838":1,"839":0,"840":0,"841":1,"842":0,"843":0,"844":1,"845":1,"846":1,"847":0,"848":0,"849":1,"850":0,"851":0,"852":1,"853":1,"854":1,"855":1,"856":1,"857":1,"858":0,"859":1,"860":1,"861":0,"862":0,"863":0,"864":0,"865":0,"866":1,"867":2,"868":2,"869":2,"870":1,"871":1,"872":1,"873":2,"874":0,"875":0,"876":0,"877":0,"878":0,"879":0,"880":0,"881":0,"882":0,"883":0,"884":0,"885":0,"886":0,"887":0,"888":0,"889":1,"890":1,"891":1,"892":1,"893":1,"894":0,"895":0,"896":1,"897":0,"898":0,"899":1,"900":1,"901":2,"902":2,"903":1,"904":0,"905":0,"906":1,"907":1,"908":0,"909":0,"910":1,"911":0,"912":0,"913":1,"914":2,"915":2,"916":1,"917":0,"918":0,"919":1,"920":0,"921":0,"922":1,"923":0,"924":0,"925":1,"926":0,"927":0,"928":1,"929":0,"930":0,"931":1,"932":1,"933":0,"934":0,"935":1,"936":1,"937":0,"938":0,"939":1,"940":1,"941":0,"942":0,"943":1,"944":0,"945":0,"946":1,"947":0,"948":0,"949":1,"950":1,"951":0,"952":0,"953":1,"954":0,"955":0,"956":1,"957":1,"958":1,"959":1,"960":1,"961":1,"962":0,"963":0,"964":0,"965":0,"966":1,"967":0,"968":0,"969":0,"970":0,"971":0,"972":0,"973":0,"974":0,"975":0,"976":0,"977":0,"978":1,"979":0,"980":0,"981":0,"982":0,"983":0,"984":0,"985":1,"986":0,"987":0,"988":0,"989":0,"990":0,"991":1,"992":0,"993":0,"994":0,"995":0,"996":0,"997":0,"998":0,"999":1,"1000":0,"1001":0,"1002":0,"1003":0,"1004":0,"1005":0,"1006":0,"1007":0,"1008":0,"1009":0,"1010":0,"1011":0,"1012":0,"1013":0,"1014":0,"1015":0,"1016":0,"1017":0,"1018":0,"1019":0,"1020":0,"1021":0,"1022":0,"1023":0,"1024":0,"1025":0,"1026":0,"1027":0,"1028":0,"1029":0,"1030":0,"1031":0,"1032":0,"1033":0,"1034":0,"1035":1,"1036":0,"1037":1,"1038":1,"1039":1,"1040":0,"1041":0,"1042":0,"1043":0,"1044":1,"1045":1,"1046":0,"1047":0,"1048":0,"1049":0,"1050":0,"1051":0,"1052":1,"1053":0,"1054":0,"1055":0,"1056":0,"1057":0,"1058":0,"1059":0,"1060":0,"1061":0,"1062":0,"1063":0,"1064":0,"1065":0,"1066":0,"1067":0,"1068":0,"1069":0,"1070":0,"1071":0,"1072":0,"1073":0,"1074":0,"1075":0,"1076":1,"1077":1,"1078":0,"1079":0,"1080":0,"1081":0,"1082":0,"1083":0,"1084":0,"1085":0,"1086":0,"1087":0,"1088":0,"1089":0,"1090":0,"1091":0,"1092":0,"1093":0,"1094":0,"1095":1,"1096":1,"1097":1,"1098":1,"1099":0,"1100":0,"1101":0,"1102":0,"1103":0,"1104":0,"1105":0,"1106":0,"1107":0,"1108":0,"1109":0,"1110":0,"1111":0,"1112":0,"1113":0,"1114":0,"1115":0,"1116":0,"1117":0,"1118":0,"1119":0,"1120":0,"1121":0,"1122":0,"1123":0,"1124":0,"1125":0,"1126":0,"1127":0,"1128":0,"1129":0,"1130":0,"1131":0,"1132":0,"1133":0,"1134":0,"1135":0,"1136":0,"1137":0,"1138":0,"1139":0,"1140":0,"1141":1,"1142":1,"1143":1,"1144":1,"1145":1,"1146":1,"1147":0,"1148":0,"1149":0,"1150":0,"1151":0,"1152":0,"1153":0,"1154":0,"1155":0,"1156":0,"1157":0,"1158":0,"1159":0,"1160":0,"1161":0,"1162":0,"1163":0,"1164":0,"1165":0,"1166":0,"1167":0,"1168":0,"1169":0,"1170":0,"1171":0,"1172":0,"1173":0,"1174":0,"1175":0,"1176":0,"1177":0,"1178":0,"1179":0,"1180":0,"1181":0,"1182":0,"1183":0,"1184":0,"1185":0,"1186":0,"1187":1,"1188":0,"1189":0,"1190":0,"1191":1,"1192":0,"1193":0,"1194":0,"1195":0,"1196":0,"1197":0,"1198":0,"1199":0,"1200":1,"1201":1,"1202":1,"1203":1,"1204":1,"1205":1,"1206":1,"1207":0,"1208":0,"1209":0,"1210":0,"1211":0,"1212":0,"1213":0,"1214":0,"1215":0,"1216":1,"1217":0,"1218":0,"1219":0,"1220":0,"1221":0,"1222":0,"1223":0,"1224":0,"1225":0,"1226":0,"1227":0,"1228":0,"1229":0,"1230":0,"1231":0,"1232":0,"1233":0,"1234":0,"1235":0,"1236":1,"1237":0,"1238":0,"1239":0,"1240":0,"1241":0,"1242":0,"1243":0,"1244":0,"1245":0,"1246":0,"1247":0,"1248":0,"1249":0,"1250":0,"1251":0,"1252":0,"1253":0,"1254":0,"1255":0,"1256":0,"1257":0,"1258":0,"1259":0,"1260":1,"1261":1,"1262":1,"1263":1,"1264":1,"1265":0,"1266":0,"1267":0,"1268":1,"1269":0,"1270":0,"1271":0,"1272":0,"1273":0,"1274":0,"1275":0,"1276":0,"1277":0,"1278":0,"1279":1,"1280":0,"1281":0,"1282":0,"1283":0,"1284":0,"1285":0,"1286":0,"1287":0,"1288":0,"1289":0,"1290":1,"1291":0,"1292":0,"1293":0,"1294":0,"1295":0,"1296":0,"1297":0,"1298":0,"1299":0,"1300":0,"1301":0,"1302":1,"1303":0,"1304":0,"1305":0,"1306":0,"1307":0,"1308":0,"1309":0,"1310":0,"1311":0,"1312":0,"1313":0,"1314":0,"1315":0,"1316":0,"1317":0,"1318":0,"1319":0,"1320":0,"1321":0,"1322":0,"1323":0,"1324":0,"1325":0,"1326":0,"1327":0,"1328":0,"1329":0,"1330":0,"1331":0,"1332":0,"1333":0,"1334":0,"1335":0,"1336":0,"1337":0,"1338":0,"1339":0,"1340":0,"1341":0,"1342":1,"1343":0,"1344":0,"1345":0,"1346":0,"1347":0,"1348":0,"1349":0,"1350":1,"1351":1},"b":{"1":[24,27],"2":[1,0],"3":[1,0],"4":[0,0],"5":[0,0],"6":[0,0],"7":[0,0],"8":[0,0,0],"9":[1,0],"10":[1,1],"11":[0,0],"12":[0,0],"13":[0,0],"14":[0,0],"15":[0,0],"16":[0,0],"17":[0,0],"18":[0,0,0,0,0,0,0,0,0,0,0,0,0,0,0],"19":[0,0],"20":[0,0,0,0,0,0,0],"21":[0,0],"22":[0,0],"23":[0,0,0],"24":[0,0],"25":[4,32],"26":[0,120],"27":[8,172],"28":[0,4],"29":[0,4],"30":[4,4,4],"31":[0,4],"32":[4,4],"33":[0,4],"34":[4,0],"35":[0,4],"36":[4,0,0,0],"37":[0,0],"38":[0,0],"39":[0,0],"40":[0,0],"41":[0,0],"42":[0,0],"43":[0,0],"44":[0,0,0,0],"45":[0,0],"46":[0,0],"47":[0,0],"48":[0,0],"49":[0,0],"50":[0,0],"51":[0,0],"52":[0,0],"53":[0,0],"54":[0,0,0],"55":[0,0],"56":[0,0],"57":[0,0],"58":[0,0],"59":[0,0],"60":[0,0],"61":[0,0],"62":[0,0],"63":[0,0],"64":[0,0],"65":[0,0],"66":[0,0],"67":[0,0],"68":[0,0],"69":[0,0],"70":[0,0],"71":[0,0],"72":[0,0],"73":[0,0],"74":[0,0],"75":[0,0],"76":[0,0],"77":[0,0],"78":[0,0],"79":[0,0],"80":[0,0],"81":[0,0],"82":[0,0],"83":[0,0],"84":[0,0],"85":[0,0],"86":[0,0],"87":[0,0],"88":[0,0],"89":[0,0],"90":[0,0],"91":[0,0,0],"92":[0,0],"93":[0,0],"94":[0,0],"95":[0,0],"96":[0,0],"97":[0,0],"98":[0,0],"99":[0,0],"100":[0,0],"101":[0,0],"102":[0,0],"103":[0,0],"104":[0,0],"105":[0,0],"106":[0,0],"107":[0,0],"108":[0,0],"109":[0,0],"110":[0,0],"111":[0,0],"112":[0,0],"113":[0,0],"114":[0,0],"115":[0,0],"116":[0,0],"117":[0,0],"118":[0,0],"119":[0,0],"120":[0,0],"121":[0,0],"122":[0,0],"123":[0,0],"124":[0,0],"125":[2,0],"126":[0,0],"127":[0,0],"128":[0,0],"129":[0,0],"130":[0,0],"131":[0,0],"132":[0,0],"133":[0,0],"134":[0,6],"135":[4,2],"136":[14,12],"137":[0,20],"138":[19,1],"139":[0,0],"140":[0,0],"141":[0,0],"142":[0,0],"143":[0,0],"144":[0,0],"145":[0,0],"146":[0,0],"147":[0,0],"148":[0,0],"149":[0,0],"150":[0,0],"151":[0,0],"152":[0,0],"153":[0,0],"154":[0,0],"155":[0,0],"156":[0,0],"157":[0,0],"158":[0,0],"159":[0,0],"160":[0,0],"161":[0,0],"162":[0,0],"163":[0,0],"164":[0,0],"165":[0,0,0,0,0,0],"166":[0,0],"167":[0,19],"168":[0,0],"169":[0,0],"170":[12,6],"171":[0,18],"172":[18,0],"173":[6,2],"174":[6,0,0],"175":[2,2],"176":[0,2],"177":[2,2,2,2],"178":[0,0,0,0,2],"179":[0,0],"180":[0,0],"181":[0,0],"182":[0,0,0,0,0,0,0,0,0,0,0,0,0],"183":[0,0],"184":[0,0],"185":[0,0],"186":[0,0],"187":[0,0],"188":[0,0],"189":[0,0],"190":[0,0],"191":[0,0],"192":[0,0],"193":[0,0],"194":[0,0],"195":[0,0],"196":[0,0],"197":[0,0],"198":[0,0],"199":[0,0],"200":[0,0],"201":[0,0],"202":[0,0],"203":[0,0],"204":[0,0],"205":[0,0],"206":[0,0],"207":[0,0],"208":[0,0],"209":[0,0],"210":[0,0],"211":[0,0],"212":[0,0],"213":[0,0],"214":[0,0],"215":[0,0],"216":[0,0],"217":[6,0],"218":[0,6],"219":[6,0],"220":[6,0],"221":[0,6],"222":[6,0],"223":[2,0],"224":[2,0],"225":[6,0],"226":[0,6],"227":[6,0],"228":[0,2],"229":[2,0],"230":[2,0],"231":[2,0],"232":[0,2],"233":[2,2],"234":[0,0],"235":[0,0],"236":[2,2],"237":[2,0],"238":[2,0],"239":[2,0],"240":[0,2],"241":[0,0],"242":[0,0],"243":[0,0],"244":[0,0],"245":[0,0],"246":[0,0],"247":[0,0],"248":[0,0],"249":[0,0],"250":[0,0],"251":[0,0],"252":[0,0],"253":[0,0],"254":[0,0],"255":[0,0],"256":[0,0],"257":[0,0],"258":[0,0],"259":[0,0],"260":[0,0],"261":[0,0],"262":[0,0],"263":[0,0],"264":[0,0,0],"265":[0,0],"266":[0,0],"267":[0,0],"268":[0,0,0,0],"269":[0,0],"270":[0,0],"271":[0,0,0],"272":[0,0],"273":[0,0],"274":[0,0],"275":[0,0],"276":[0,0],"277":[0,0],"278":[0,0],"279":[0,0],"280":[0,0],"281":[0,0],"282":[0,0],"283":[0,0],"284":[0,0],"285":[0,0],"286":[0,0],"287":[0,0],"288":[0,0],"289":[0,0],"290":[0,0],"291":[0,0],"292":[0,0],"293":[0,0],"294":[0,0],"295":[0,0],"296":[0,0],"297":[0,0],"298":[0,0],"299":[0,0],"300":[0,0],"301":[0,0],"302":[0,0],"303":[0,0],"304":[0,0],"305":[0,0],"306":[0,0],"307":[0,0],"308":[0,0],"309":[0,0],"310":[0,0],"311":[0,0],"312":[0,0],"313":[0,0],"314":[0,0],"315":[0,0],"316":[0,0,0],"317":[0,0],"318":[0,0],"319":[0,0],"320":[0,0],"321":[0,0],"322":[0,0],"323":[0,0],"324":[0,0],"325":[0,0],"326":[0,0],"327":[0,0],"328":[0,0],"329":[0,0,0,0],"330":[0,0],"331":[0,0],"332":[0,0],"333":[0,0],"334":[0,0],"335":[0,0],"336":[0,0],"337":[0,0,0,0],"338":[0,0],"339":[0,0],"340":[0,0],"341":[0,0],"342":[0,0],"343":[0,0],"344":[0,0],"345":[0,0],"346":[0,0],"347":[0,0],"348":[0,0],"349":[0,0],"350":[0,0],"351":[0,0],"352":[0,0],"353":[0,0],"354":[0,0],"355":[0,0],"356":[0,0],"357":[0,0],"358":[0,0],"359":[0,0]},"f":{"1":1,"2":51,"3":1,"4":1,"5":1,"6":1,"7":1,"8":4,"9":1,"10":0,"11":0,"12":0,"13":12,"14":1,"15":0,"16":1,"17":0,"18":0,"19":0,"20":0,"21":0,"22":0,"23":0,"24":0,"25":0,"26":0,"27":0,"28":1,"29":8,"30":1,"31":42,"32":6,"33":36,"34":30,"35":120,"36":8,"37":4,"38":4,"39":4,"40":4,"41":4,"42":4,"43":8,"44":31,"45":1,"46":1,"47":0,"48":1,"49":0,"50":0,"51":0,"52":0,"53":0,"54":0,"55":0,"56":0,"57":0,"58":0,"59":0,"60":0,"61":0,"62":33,"63":0,"64":0,"65":0,"66":0,"67":0,"68":9,"69":0,"70":0,"71":0,"72":0,"73":0,"74":2,"75":0,"76":0,"77":0,"78":0,"79":0,"80":0,"81":0,"82":0,"83":0,"84":0,"85":0,"86":0,"87":0,"88":0,"89":0,"90":0,"91":0,"92":0,"93":0,"94":0,"95":0,"96":0,"97":0,"98":0,"99":1,"100":0,"101":0,"102":0,"103":0,"104":1,"105":0,"106":0,"107":0,"108":0,"109":0,"110":1,"111":10,"112":2,"113":0,"114":0,"115":0,"116":52,"117":6,"118":0,"119":0,"120":14,"121":8,"122":8,"123":0,"124":0,"125":20,"126":0,"127":0,"128":1,"129":1,"130":0,"131":0,"132":1,"133":0,"134":0,"135":0,"136":0,"137":0,"138":0,"139":0,"140":0,"141":0,"142":0,"143":0,"144":0,"145":0,"146":1,"147":19,"148":0,"149":8,"150":18,"151":6,"152":0,"153":2,"154":1,"155":12,"156":1,"157":1,"158":12,"159":1,"160":1,"161":0,"162":0,"163":0,"164":1,"165":1,"166":0,"167":0,"168":0,"169":0,"170":0,"171":0,"172":0,"173":0,"174":1,"175":0,"176":1,"177":0,"178":2,"179":2,"180":0,"181":0,"182":1,"183":1,"184":0,"185":0,"186":2,"187":0,"188":0,"189":0,"190":2,"191":0,"192":0,"193":0,"194":0,"195":0,"196":0,"197":0,"198":0,"199":0,"200":0,"201":1,"202":1,"203":0,"204":0,"205":1,"206":1,"207":0,"208":0,"209":0,"210":0,"211":0,"212":0,"213":0,"214":0,"215":0,"216":0,"217":0,"218":0,"219":0,"220":0,"221":0,"222":0,"223":0,"224":1,"225":1,"226":0,"227":1,"228":1,"229":0,"230":0,"231":0,"232":0,"233":0,"234":0,"235":0,"236":0,"237":1,"238":1,"239":0,"240":0,"241":0,"242":0,"243":0,"244":0,"245":0,"246":0,"247":1,"248":1,"249":0,"250":0,"251":0,"252":0,"253":0,"254":0,"255":0,"256":0,"257":0,"258":0,"259":0,"260":0,"261":0,"262":0,"263":0,"264":1},"fnMap":{"1":{"name":"(anonymous_1)","line":1,"loc":{"start":{"line":1,"column":10},"end":{"line":1,"column":28}}},"2":{"name":"__webpack_require__","line":6,"loc":{"start":{"line":6,"column":10},"end":{"line":6,"column":49}}},"3":{"name":"(anonymous_3)","line":45,"loc":{"start":{"line":45,"column":6},"end":{"line":45,"column":53}}},"4":{"name":"(anonymous_4)","line":49,"loc":{"start":{"line":49,"column":21},"end":{"line":49,"column":33}}},"5":{"name":"(anonymous_5)","line":51,"loc":{"start":{"line":51,"column":30},"end":{"line":51,"column":42}}},"6":{"name":"(anonymous_6)","line":63,"loc":{"start":{"line":63,"column":6},"end":{"line":63,"column":53}}},"7":{"name":"(anonymous_7)","line":83,"loc":{"start":{"line":83,"column":6},"end":{"line":83,"column":53}}},"8":{"name":"should","line":104,"loc":{"start":{"line":104,"column":1},"end":{"line":104,"column":22}}},"9":{"name":"(anonymous_9)","line":162,"loc":{"start":{"line":162,"column":17},"end":{"line":162,"column":47}}},"10":{"name":"(anonymous_10)","line":169,"loc":{"start":{"line":169,"column":10},"end":{"line":169,"column":21}}},"11":{"name":"(anonymous_11)","line":171,"loc":{"start":{"line":171,"column":10},"end":{"line":171,"column":21}}},"12":{"name":"(anonymous_12)","line":199,"loc":{"start":{"line":199,"column":21},"end":{"line":199,"column":36}}},"13":{"name":"(anonymous_13)","line":229,"loc":{"start":{"line":229,"column":14},"end":{"line":229,"column":26}}},"14":{"name":"(anonymous_14)","line":251,"loc":{"start":{"line":251,"column":6},"end":{"line":251,"column":53}}},"15":{"name":"(anonymous_15)","line":268,"loc":{"start":{"line":268,"column":25},"end":{"line":268,"column":39}}},"16":{"name":"(anonymous_16)","line":272,"loc":{"start":{"line":272,"column":17},"end":{"line":272,"column":32}}},"17":{"name":"forEach","line":283,"loc":{"start":{"line":283,"column":19},"end":{"line":283,"column":53}}},"18":{"name":"(anonymous_18)","line":303,"loc":{"start":{"line":303,"column":16},"end":{"line":303,"column":42}}},"19":{"name":"(anonymous_19)","line":305,"loc":{"start":{"line":305,"column":24},"end":{"line":305,"column":45}}},"20":{"name":"(anonymous_20)","line":314,"loc":{"start":{"line":314,"column":25},"end":{"line":314,"column":39}}},"21":{"name":"(anonymous_21)","line":323,"loc":{"start":{"line":323,"column":23},"end":{"line":323,"column":37}}},"22":{"name":"(anonymous_22)","line":335,"loc":{"start":{"line":335,"column":18},"end":{"line":335,"column":32}}},"23":{"name":"(anonymous_23)","line":356,"loc":{"start":{"line":356,"column":31},"end":{"line":356,"column":46}}},"24":{"name":"(anonymous_24)","line":364,"loc":{"start":{"line":364,"column":29},"end":{"line":364,"column":43}}},"25":{"name":"(anonymous_25)","line":373,"loc":{"start":{"line":373,"column":31},"end":{"line":373,"column":43}}},"26":{"name":"(anonymous_26)","line":379,"loc":{"start":{"line":379,"column":18},"end":{"line":379,"column":40}}},"27":{"name":"(anonymous_27)","line":385,"loc":{"start":{"line":385,"column":22},"end":{"line":385,"column":38}}},"28":{"name":"(anonymous_28)","line":392,"loc":{"start":{"line":392,"column":6},"end":{"line":392,"column":53}}},"29":{"name":"Type","line":416,"loc":{"start":{"line":416,"column":1},"end":{"line":416,"column":31}}},"30":{"name":"TypeChecker","line":426,"loc":{"start":{"line":426,"column":1},"end":{"line":426,"column":24}}},"31":{"name":"(anonymous_31)","line":431,"loc":{"start":{"line":431,"column":8},"end":{"line":431,"column":23}}},"32":{"name":"(anonymous_32)","line":436,"loc":{"start":{"line":436,"column":14},"end":{"line":436,"column":34}}},"33":{"name":"(anonymous_33)","line":437,"loc":{"start":{"line":437,"column":21},"end":{"line":437,"column":42}}},"34":{"name":"(anonymous_34)","line":444,"loc":{"start":{"line":444,"column":13},"end":{"line":444,"column":37}}},"35":{"name":"(anonymous_35)","line":445,"loc":{"start":{"line":445,"column":21},"end":{"line":445,"column":50}}},"36":{"name":"(anonymous_36)","line":452,"loc":{"start":{"line":452,"column":12},"end":{"line":452,"column":26}}},"37":{"name":"(anonymous_37)","line":475,"loc":{"start":{"line":475,"column":8},"end":{"line":475,"column":29}}},"38":{"name":"(anonymous_38)","line":508,"loc":{"start":{"line":508,"column":8},"end":{"line":508,"column":22}}},"39":{"name":"(anonymous_39)","line":514,"loc":{"start":{"line":514,"column":8},"end":{"line":514,"column":22}}},"40":{"name":"(anonymous_40)","line":519,"loc":{"start":{"line":519,"column":8},"end":{"line":519,"column":22}}},"41":{"name":"(anonymous_41)","line":524,"loc":{"start":{"line":524,"column":8},"end":{"line":524,"column":22}}},"42":{"name":"(anonymous_42)","line":530,"loc":{"start":{"line":530,"column":8},"end":{"line":530,"column":19}}},"43":{"name":"getGlobalType","line":540,"loc":{"start":{"line":540,"column":1},"end":{"line":540,"column":29}}},"44":{"name":"(anonymous_44)","line":548,"loc":{"start":{"line":548,"column":28},"end":{"line":548,"column":47}}},"45":{"name":"(anonymous_45)","line":557,"loc":{"start":{"line":557,"column":6},"end":{"line":557,"column":32}}},"46":{"name":"(anonymous_46)","line":604,"loc":{"start":{"line":604,"column":6},"end":{"line":604,"column":53}}},"47":{"name":"(anonymous_47)","line":617,"loc":{"start":{"line":617,"column":17},"end":{"line":617,"column":32}}},"48":{"name":"(anonymous_48)","line":627,"loc":{"start":{"line":627,"column":6},"end":{"line":627,"column":53}}},"49":{"name":"genKeysFunc","line":632,"loc":{"start":{"line":632,"column":1},"end":{"line":632,"column":25}}},"50":{"name":"(anonymous_50)","line":633,"loc":{"start":{"line":633,"column":10},"end":{"line":633,"column":26}}},"51":{"name":"Formatter","line":641,"loc":{"start":{"line":641,"column":1},"end":{"line":641,"column":26}}},"52":{"name":"(anonymous_52)","line":656,"loc":{"start":{"line":656,"column":11},"end":{"line":656,"column":27}}},"53":{"name":"(anonymous_53)","line":670,"loc":{"start":{"line":670,"column":18},"end":{"line":670,"column":40}}},"54":{"name":"(anonymous_54)","line":679,"loc":{"start":{"line":679,"column":39},"end":{"line":679,"column":50}}},"55":{"name":"(anonymous_55)","line":684,"loc":{"start":{"line":684,"column":22},"end":{"line":684,"column":36}}},"56":{"name":"(anonymous_56)","line":695,"loc":{"start":{"line":695,"column":47},"end":{"line":695,"column":66}}},"57":{"name":"(anonymous_57)","line":725,"loc":{"start":{"line":725,"column":17},"end":{"line":725,"column":48}}},"58":{"name":"(anonymous_58)","line":731,"loc":{"start":{"line":731,"column":23},"end":{"line":731,"column":38}}},"59":{"name":"(anonymous_59)","line":747,"loc":{"start":{"line":747,"column":23},"end":{"line":747,"column":38}}},"60":{"name":"(anonymous_60)","line":751,"loc":{"start":{"line":751,"column":19},"end":{"line":751,"column":41}}},"61":{"name":"(anonymous_61)","line":766,"loc":{"start":{"line":766,"column":24},"end":{"line":766,"column":46}}},"62":{"name":"add","line":780,"loc":{"start":{"line":780,"column":17},"end":{"line":780,"column":49}}},"63":{"name":"formatObjectWithPrefix","line":786,"loc":{"start":{"line":786,"column":36},"end":{"line":786,"column":71}}},"64":{"name":"(anonymous_64)","line":787,"loc":{"start":{"line":787,"column":10},"end":{"line":787,"column":26}}},"65":{"name":"functionName","line":797,"loc":{"start":{"line":797,"column":26},"end":{"line":797,"column":51}}},"66":{"name":"(anonymous_66)","line":810,"loc":{"start":{"line":810,"column":29},"end":{"line":810,"column":43}}},"67":{"name":"(anonymous_67)","line":826,"loc":{"start":{"line":826,"column":35},"end":{"line":826,"column":56}}},"68":{"name":"generateFunctionForIndexedArray","line":836,"loc":{"start":{"line":836,"column":45},"end":{"line":836,"column":113}}},"69":{"name":"(anonymous_69)","line":837,"loc":{"start":{"line":837,"column":10},"end":{"line":837,"column":26}}},"70":{"name":"(anonymous_70)","line":862,"loc":{"start":{"line":862,"column":28},"end":{"line":862,"column":39}}},"71":{"name":"(anonymous_71)","line":863,"loc":{"start":{"line":863,"column":23},"end":{"line":863,"column":34}}},"72":{"name":"(anonymous_72)","line":864,"loc":{"start":{"line":864,"column":26},"end":{"line":864,"column":42}}},"73":{"name":"(anonymous_73)","line":865,"loc":{"start":{"line":865,"column":25},"end":{"line":865,"column":41}}},"74":{"name":"(anonymous_74)","line":867,"loc":{"start":{"line":867,"column":31},"end":{"line":867,"column":46}}},"75":{"name":"(anonymous_75)","line":868,"loc":{"start":{"line":868,"column":33},"end":{"line":868,"column":49}}},"76":{"name":"(anonymous_76)","line":875,"loc":{"start":{"line":875,"column":35},"end":{"line":875,"column":51}}},"77":{"name":"(anonymous_77)","line":879,"loc":{"start":{"line":879,"column":16},"end":{"line":879,"column":30}}},"78":{"name":"(anonymous_78)","line":887,"loc":{"start":{"line":887,"column":35},"end":{"line":887,"column":51}}},"79":{"name":"(anonymous_79)","line":893,"loc":{"start":{"line":893,"column":25},"end":{"line":893,"column":41}}},"80":{"name":"(anonymous_80)","line":898,"loc":{"start":{"line":898,"column":25},"end":{"line":898,"column":41}}},"81":{"name":"(anonymous_81)","line":904,"loc":{"start":{"line":904,"column":25},"end":{"line":904,"column":41}}},"82":{"name":"(anonymous_82)","line":908,"loc":{"start":{"line":908,"column":38},"end":{"line":908,"column":54}}},"83":{"name":"(anonymous_83)","line":911,"loc":{"start":{"line":911,"column":25},"end":{"line":911,"column":39}}},"84":{"name":"(anonymous_84)","line":920,"loc":{"start":{"line":920,"column":34},"end":{"line":920,"column":50}}},"85":{"name":"(anonymous_85)","line":922,"loc":{"start":{"line":922,"column":25},"end":{"line":922,"column":39}}},"86":{"name":"formatDate","line":932,"loc":{"start":{"line":932,"column":1},"end":{"line":932,"column":35}}},"87":{"name":"(anonymous_87)","line":958,"loc":{"start":{"line":958,"column":33},"end":{"line":958,"column":49}}},"88":{"name":"(anonymous_88)","line":962,"loc":{"start":{"line":962,"column":27},"end":{"line":962,"column":43}}},"89":{"name":"(anonymous_89)","line":968,"loc":{"start":{"line":968,"column":34},"end":{"line":968,"column":50}}},"90":{"name":"(anonymous_90)","line":991,"loc":{"start":{"line":991,"column":36},"end":{"line":991,"column":47}}},"91":{"name":"(anonymous_91)","line":995,"loc":{"start":{"line":995,"column":32},"end":{"line":995,"column":43}}},"92":{"name":"(anonymous_92)","line":999,"loc":{"start":{"line":999,"column":41},"end":{"line":999,"column":57}}},"93":{"name":"(anonymous_93)","line":1003,"loc":{"start":{"line":1003,"column":50},"end":{"line":1003,"column":66}}},"94":{"name":"(anonymous_94)","line":1007,"loc":{"start":{"line":1007,"column":54},"end":{"line":1007,"column":70}}},"95":{"name":"(anonymous_95)","line":1011,"loc":{"start":{"line":1011,"column":33},"end":{"line":1011,"column":44}}},"96":{"name":"(anonymous_96)","line":1015,"loc":{"start":{"line":1015,"column":32},"end":{"line":1015,"column":48}}},"97":{"name":"(anonymous_97)","line":1044,"loc":{"start":{"line":1044,"column":32},"end":{"line":1044,"column":48}}},"98":{"name":"defaultFormat","line":1084,"loc":{"start":{"line":1084,"column":1},"end":{"line":1084,"column":37}}},"99":{"name":"(anonymous_99)","line":1094,"loc":{"start":{"line":1094,"column":6},"end":{"line":1094,"column":32}}},"100":{"name":"addSpaces","line":1096,"loc":{"start":{"line":1096,"column":1},"end":{"line":1096,"column":23}}},"101":{"name":"(anonymous_101)","line":1097,"loc":{"start":{"line":1097,"column":28},"end":{"line":1097,"column":41}}},"102":{"name":"pad","line":1100,"loc":{"start":{"line":1100,"column":1},"end":{"line":1100,"column":34}}},"103":{"name":"(anonymous_103)","line":1120,"loc":{"start":{"line":1120,"column":9},"end":{"line":1120,"column":30}}},"104":{"name":"(anonymous_104)","line":1128,"loc":{"start":{"line":1128,"column":6},"end":{"line":1128,"column":53}}},"105":{"name":"AssertionError","line":1145,"loc":{"start":{"line":1145,"column":22},"end":{"line":1145,"column":55}}},"106":{"name":"(anonymous_106)","line":1150,"loc":{"start":{"line":1150,"column":14},"end":{"line":1150,"column":25}}},"107":{"name":"prependIndent","line":1190,"loc":{"start":{"line":1190,"column":1},"end":{"line":1190,"column":30}}},"108":{"name":"indentLines","line":1194,"loc":{"start":{"line":1194,"column":1},"end":{"line":1194,"column":28}}},"109":{"name":"(anonymous_109)","line":1206,"loc":{"start":{"line":1206,"column":12},"end":{"line":1206,"column":23}}},"110":{"name":"(anonymous_110)","line":1226,"loc":{"start":{"line":1226,"column":6},"end":{"line":1226,"column":53}}},"111":{"name":"Assertion","line":1243,"loc":{"start":{"line":1243,"column":1},"end":{"line":1243,"column":25}}},"112":{"name":"(anonymous_112)","line":1280,"loc":{"start":{"line":1280,"column":11},"end":{"line":1280,"column":26}}},"113":{"name":"(anonymous_113)","line":1317,"loc":{"start":{"line":1317,"column":9},"end":{"line":1317,"column":20}}},"114":{"name":"PromisedAssertion","line":1330,"loc":{"start":{"line":1330,"column":1},"end":{"line":1330,"column":39}}},"115":{"name":"(anonymous_115)","line":1340,"loc":{"start":{"line":1340,"column":36},"end":{"line":1340,"column":62}}},"116":{"name":"(anonymous_116)","line":1364,"loc":{"start":{"line":1364,"column":17},"end":{"line":1364,"column":38}}},"117":{"name":"(anonymous_117)","line":1368,"loc":{"start":{"line":1368,"column":12},"end":{"line":1368,"column":23}}},"118":{"name":"(anonymous_118)","line":1416,"loc":{"start":{"line":1416,"column":12},"end":{"line":1416,"column":23}}},"119":{"name":"(anonymous_119)","line":1418,"loc":{"start":{"line":1418,"column":32},"end":{"line":1418,"column":44}}},"120":{"name":"(anonymous_120)","line":1435,"loc":{"start":{"line":1435,"column":22},"end":{"line":1435,"column":45}}},"121":{"name":"(anonymous_121)","line":1436,"loc":{"start":{"line":1436,"column":22},"end":{"line":1436,"column":33}}},"122":{"name":"(anonymous_122)","line":1438,"loc":{"start":{"line":1438,"column":10},"end":{"line":1438,"column":21}}},"123":{"name":"(anonymous_123)","line":1448,"loc":{"start":{"line":1448,"column":10},"end":{"line":1448,"column":21}}},"124":{"name":"(anonymous_124)","line":1449,"loc":{"start":{"line":1449,"column":32},"end":{"line":1449,"column":44}}},"125":{"name":"(anonymous_125)","line":1469,"loc":{"start":{"line":1469,"column":19},"end":{"line":1469,"column":38}}},"126":{"name":"(anonymous_126)","line":1487,"loc":{"start":{"line":1487,"column":27},"end":{"line":1487,"column":38}}},"127":{"name":"(anonymous_127)","line":1499,"loc":{"start":{"line":1499,"column":27},"end":{"line":1499,"column":38}}},"128":{"name":"(anonymous_128)","line":1509,"loc":{"start":{"line":1509,"column":6},"end":{"line":1509,"column":53}}},"129":{"name":"(anonymous_129)","line":1521,"loc":{"start":{"line":1521,"column":18},"end":{"line":1521,"column":35}}},"130":{"name":"(anonymous_130)","line":1549,"loc":{"start":{"line":1549,"column":34},"end":{"line":1549,"column":53}}},"131":{"name":"(anonymous_131)","line":1573,"loc":{"start":{"line":1573,"column":42},"end":{"line":1573,"column":61}}},"132":{"name":"(anonymous_132)","line":1584,"loc":{"start":{"line":1584,"column":6},"end":{"line":1584,"column":53}}},"133":{"name":"fail","line":1642,"loc":{"start":{"line":1642,"column":1},"end":{"line":1642,"column":72}}},"134":{"name":"ok","line":1671,"loc":{"start":{"line":1671,"column":1},"end":{"line":1671,"column":29}}},"135":{"name":"equal","line":1689,"loc":{"start":{"line":1689,"column":16},"end":{"line":1689,"column":58}}},"136":{"name":"notEqual","line":1704,"loc":{"start":{"line":1704,"column":19},"end":{"line":1704,"column":64}}},"137":{"name":"deepEqual","line":1723,"loc":{"start":{"line":1723,"column":20},"end":{"line":1723,"column":66}}},"138":{"name":"notDeepEqual","line":1743,"loc":{"start":{"line":1743,"column":23},"end":{"line":1743,"column":72}}},"139":{"name":"strictEqual","line":1760,"loc":{"start":{"line":1760,"column":22},"end":{"line":1760,"column":70}}},"140":{"name":"notStrictEqual","line":1777,"loc":{"start":{"line":1777,"column":25},"end":{"line":1777,"column":76}}},"141":{"name":"expectedException","line":1783,"loc":{"start":{"line":1783,"column":1},"end":{"line":1783,"column":46}}},"142":{"name":"_throws","line":1799,"loc":{"start":{"line":1799,"column":1},"end":{"line":1799,"column":57}}},"143":{"name":"(anonymous_143)","line":1840,"loc":{"start":{"line":1840,"column":17},"end":{"line":1840,"column":73}}},"144":{"name":"(anonymous_144)","line":1853,"loc":{"start":{"line":1853,"column":23},"end":{"line":1853,"column":60}}},"145":{"name":"(anonymous_145)","line":1864,"loc":{"start":{"line":1864,"column":18},"end":{"line":1864,"column":32}}},"146":{"name":"(anonymous_146)","line":1873,"loc":{"start":{"line":1873,"column":6},"end":{"line":1873,"column":53}}},"147":{"name":"makeResult","line":1879,"loc":{"start":{"line":1879,"column":1},"end":{"line":1879,"column":44}}},"148":{"name":"typeToString","line":1892,"loc":{"start":{"line":1892,"column":1},"end":{"line":1892,"column":26}}},"149":{"name":"eqInternal","line":1913,"loc":{"start":{"line":1913,"column":1},"end":{"line":1913,"column":62}}},"150":{"name":"result","line":1916,"loc":{"start":{"line":1916,"column":3},"end":{"line":1916,"column":39}}},"151":{"name":"checkPropertyEquality","line":1928,"loc":{"start":{"line":1928,"column":3},"end":{"line":1928,"column":44}}},"152":{"name":"checkAlso","line":1932,"loc":{"start":{"line":1932,"column":3},"end":{"line":1932,"column":30}}},"153":{"name":"eq","line":2204,"loc":{"start":{"line":2204,"column":1},"end":{"line":2204,"column":25}}},"154":{"name":"(anonymous_154)","line":2228,"loc":{"start":{"line":2228,"column":6},"end":{"line":2228,"column":32}}},"155":{"name":"format","line":2230,"loc":{"start":{"line":2230,"column":18},"end":{"line":2230,"column":39}}},"156":{"name":"(anonymous_156)","line":2241,"loc":{"start":{"line":2241,"column":6},"end":{"line":2241,"column":32}}},"157":{"name":"(anonymous_157)","line":2249,"loc":{"start":{"line":2249,"column":18},"end":{"line":2249,"column":46}}},"158":{"name":"(anonymous_158)","line":2269,"loc":{"start":{"line":2269,"column":93},"end":{"line":2269,"column":108}}},"159":{"name":"(anonymous_159)","line":2277,"loc":{"start":{"line":2277,"column":6},"end":{"line":2277,"column":32}}},"160":{"name":"(anonymous_160)","line":2285,"loc":{"start":{"line":2285,"column":18},"end":{"line":2285,"column":46}}},"161":{"name":"(anonymous_161)","line":2300,"loc":{"start":{"line":2300,"column":25},"end":{"line":2300,"column":36}}},"162":{"name":"(anonymous_162)","line":2318,"loc":{"start":{"line":2318,"column":26},"end":{"line":2318,"column":37}}},"163":{"name":"(anonymous_163)","line":2340,"loc":{"start":{"line":2340,"column":23},"end":{"line":2340,"column":34}}},"164":{"name":"(anonymous_164)","line":2350,"loc":{"start":{"line":2350,"column":6},"end":{"line":2350,"column":32}}},"165":{"name":"(anonymous_165)","line":2358,"loc":{"start":{"line":2358,"column":18},"end":{"line":2358,"column":46}}},"166":{"name":"(anonymous_166)","line":2370,"loc":{"start":{"line":2370,"column":24},"end":{"line":2370,"column":35}}},"167":{"name":"(anonymous_167)","line":2387,"loc":{"start":{"line":2387,"column":29},"end":{"line":2387,"column":40}}},"168":{"name":"(anonymous_168)","line":2408,"loc":{"start":{"line":2408,"column":27},"end":{"line":2408,"column":64}}},"169":{"name":"(anonymous_169)","line":2427,"loc":{"start":{"line":2427,"column":34},"end":{"line":2427,"column":70}}},"170":{"name":"(anonymous_170)","line":2446,"loc":{"start":{"line":2446,"column":26},"end":{"line":2446,"column":51}}},"171":{"name":"(anonymous_171)","line":2465,"loc":{"start":{"line":2465,"column":26},"end":{"line":2465,"column":51}}},"172":{"name":"(anonymous_172)","line":2488,"loc":{"start":{"line":2488,"column":33},"end":{"line":2488,"column":58}}},"173":{"name":"(anonymous_173)","line":2508,"loc":{"start":{"line":2508,"column":33},"end":{"line":2508,"column":58}}},"174":{"name":"(anonymous_174)","line":2522,"loc":{"start":{"line":2522,"column":6},"end":{"line":2522,"column":53}}},"175":{"name":"formatEqlResult","line":2534,"loc":{"start":{"line":2534,"column":1},"end":{"line":2534,"column":35}}},"176":{"name":"(anonymous_176)","line":2541,"loc":{"start":{"line":2541,"column":18},"end":{"line":2541,"column":46}}},"177":{"name":"(anonymous_177)","line":2563,"loc":{"start":{"line":2563,"column":24},"end":{"line":2563,"column":51}}},"178":{"name":"(anonymous_178)","line":2590,"loc":{"start":{"line":2590,"column":26},"end":{"line":2590,"column":53}}},"179":{"name":"addOneOf","line":2601,"loc":{"start":{"line":2601,"column":3},"end":{"line":2601,"column":44}}},"180":{"name":"(anonymous_180)","line":2602,"loc":{"start":{"line":2602,"column":25},"end":{"line":2602,"column":40}}},"181":{"name":"(anonymous_181)","line":2614,"loc":{"start":{"line":2614,"column":26},"end":{"line":2614,"column":40}}},"182":{"name":"(anonymous_182)","line":2664,"loc":{"start":{"line":2664,"column":6},"end":{"line":2664,"column":53}}},"183":{"name":"(anonymous_183)","line":2674,"loc":{"start":{"line":2674,"column":18},"end":{"line":2674,"column":46}}},"184":{"name":"(anonymous_184)","line":2681,"loc":{"start":{"line":2681,"column":27},"end":{"line":2681,"column":38}}},"185":{"name":"(anonymous_185)","line":2694,"loc":{"start":{"line":2694,"column":30},"end":{"line":2694,"column":41}}},"186":{"name":"(anonymous_186)","line":2710,"loc":{"start":{"line":2710,"column":25},"end":{"line":2710,"column":53}}},"187":{"name":"(anonymous_187)","line":2725,"loc":{"start":{"line":2725,"column":31},"end":{"line":2725,"column":66}}},"188":{"name":"(anonymous_188)","line":2739,"loc":{"start":{"line":2739,"column":29},"end":{"line":2739,"column":40}}},"189":{"name":"(anonymous_189)","line":2751,"loc":{"start":{"line":2751,"column":27},"end":{"line":2751,"column":38}}},"190":{"name":"(anonymous_190)","line":2763,"loc":{"start":{"line":2763,"column":27},"end":{"line":2763,"column":38}}},"191":{"name":"(anonymous_191)","line":2775,"loc":{"start":{"line":2775,"column":26},"end":{"line":2775,"column":37}}},"192":{"name":"(anonymous_192)","line":2787,"loc":{"start":{"line":2787,"column":28},"end":{"line":2787,"column":39}}},"193":{"name":"(anonymous_193)","line":2799,"loc":{"start":{"line":2799,"column":26},"end":{"line":2799,"column":37}}},"194":{"name":"(anonymous_194)","line":2811,"loc":{"start":{"line":2811,"column":25},"end":{"line":2811,"column":36}}},"195":{"name":"(anonymous_195)","line":2824,"loc":{"start":{"line":2824,"column":25},"end":{"line":2824,"column":36}}},"196":{"name":"(anonymous_196)","line":2839,"loc":{"start":{"line":2839,"column":26},"end":{"line":2839,"column":40}}},"197":{"name":"(anonymous_197)","line":2854,"loc":{"start":{"line":2854,"column":30},"end":{"line":2854,"column":41}}},"198":{"name":"(anonymous_198)","line":2869,"loc":{"start":{"line":2869,"column":29},"end":{"line":2869,"column":40}}},"199":{"name":"(anonymous_199)","line":2882,"loc":{"start":{"line":2882,"column":29},"end":{"line":2882,"column":40}}},"200":{"name":"(anonymous_200)","line":2894,"loc":{"start":{"line":2894,"column":30},"end":{"line":2894,"column":41}}},"201":{"name":"(anonymous_201)","line":2906,"loc":{"start":{"line":2906,"column":6},"end":{"line":2906,"column":32}}},"202":{"name":"(anonymous_202)","line":2914,"loc":{"start":{"line":2914,"column":18},"end":{"line":2914,"column":46}}},"203":{"name":"(anonymous_203)","line":2926,"loc":{"start":{"line":2926,"column":30},"end":{"line":2926,"column":57}}},"204":{"name":"(anonymous_204)","line":2943,"loc":{"start":{"line":2943,"column":28},"end":{"line":2943,"column":55}}},"205":{"name":"(anonymous_205)","line":2953,"loc":{"start":{"line":2953,"column":6},"end":{"line":2953,"column":53}}},"206":{"name":"(anonymous_206)","line":2966,"loc":{"start":{"line":2966,"column":18},"end":{"line":2966,"column":46}}},"207":{"name":"(anonymous_207)","line":2980,"loc":{"start":{"line":2980,"column":43},"end":{"line":2980,"column":64}}},"208":{"name":"processPropsArgs","line":2987,"loc":{"start":{"line":2987,"column":3},"end":{"line":2987,"column":31}}},"209":{"name":"(anonymous_209)","line":3018,"loc":{"start":{"line":3018,"column":31},"end":{"line":3018,"column":51}}},"210":{"name":"(anonymous_210)","line":3041,"loc":{"start":{"line":3041,"column":32},"end":{"line":3041,"column":48}}},"211":{"name":"(anonymous_211)","line":3049,"loc":{"start":{"line":3049,"column":24},"end":{"line":3049,"column":39}}},"212":{"name":"(anonymous_212)","line":3066,"loc":{"start":{"line":3066,"column":29},"end":{"line":3066,"column":49}}},"213":{"name":"(anonymous_213)","line":3091,"loc":{"start":{"line":3091,"column":31},"end":{"line":3091,"column":47}}},"214":{"name":"(anonymous_214)","line":3107,"loc":{"start":{"line":3107,"column":19},"end":{"line":3107,"column":34}}},"215":{"name":"(anonymous_215)","line":3115,"loc":{"start":{"line":3115,"column":28},"end":{"line":3115,"column":43}}},"216":{"name":"(anonymous_216)","line":3136,"loc":{"start":{"line":3136,"column":31},"end":{"line":3136,"column":46}}},"217":{"name":"(anonymous_217)","line":3173,"loc":{"start":{"line":3173,"column":27},"end":{"line":3173,"column":52}}},"218":{"name":"(anonymous_218)","line":3194,"loc":{"start":{"line":3194,"column":32},"end":{"line":3194,"column":60}}},"219":{"name":"(anonymous_219)","line":3221,"loc":{"start":{"line":3221,"column":26},"end":{"line":3221,"column":37}}},"220":{"name":"(anonymous_220)","line":3249,"loc":{"start":{"line":3249,"column":25},"end":{"line":3249,"column":40}}},"221":{"name":"(anonymous_221)","line":3260,"loc":{"start":{"line":3260,"column":18},"end":{"line":3260,"column":32}}},"222":{"name":"(anonymous_222)","line":3267,"loc":{"start":{"line":3267,"column":30},"end":{"line":3267,"column":44}}},"223":{"name":"(anonymous_223)","line":3300,"loc":{"start":{"line":3300,"column":35},"end":{"line":3300,"column":56}}},"224":{"name":"(anonymous_224)","line":3329,"loc":{"start":{"line":3329,"column":6},"end":{"line":3329,"column":53}}},"225":{"name":"(anonymous_225)","line":3338,"loc":{"start":{"line":3338,"column":18},"end":{"line":3338,"column":46}}},"226":{"name":"(anonymous_226)","line":3365,"loc":{"start":{"line":3365,"column":26},"end":{"line":3365,"column":56}}},"227":{"name":"(anonymous_227)","line":3444,"loc":{"start":{"line":3444,"column":6},"end":{"line":3444,"column":53}}},"228":{"name":"(anonymous_228)","line":3455,"loc":{"start":{"line":3455,"column":18},"end":{"line":3455,"column":46}}},"229":{"name":"(anonymous_229)","line":3514,"loc":{"start":{"line":3514,"column":26},"end":{"line":3514,"column":55}}},"230":{"name":"(anonymous_230)","line":3524,"loc":{"start":{"line":3524,"column":34},"end":{"line":3524,"column":49}}},"231":{"name":"(anonymous_231)","line":3530,"loc":{"start":{"line":3530,"column":34},"end":{"line":3530,"column":56}}},"232":{"name":"(anonymous_232)","line":3559,"loc":{"start":{"line":3559,"column":29},"end":{"line":3559,"column":50}}},"233":{"name":"(anonymous_233)","line":3605,"loc":{"start":{"line":3605,"column":30},"end":{"line":3605,"column":59}}},"234":{"name":"(anonymous_234)","line":3608,"loc":{"start":{"line":3608,"column":28},"end":{"line":3608,"column":44}}},"235":{"name":"(anonymous_235)","line":3634,"loc":{"start":{"line":3634,"column":29},"end":{"line":3634,"column":58}}},"236":{"name":"(anonymous_236)","line":3637,"loc":{"start":{"line":3637,"column":37},"end":{"line":3637,"column":53}}},"237":{"name":"(anonymous_237)","line":3658,"loc":{"start":{"line":3658,"column":6},"end":{"line":3658,"column":53}}},"238":{"name":"(anonymous_238)","line":3669,"loc":{"start":{"line":3669,"column":18},"end":{"line":3669,"column":46}}},"239":{"name":"(anonymous_239)","line":3696,"loc":{"start":{"line":3696,"column":31},"end":{"line":3696,"column":47}}},"240":{"name":"(anonymous_240)","line":3706,"loc":{"start":{"line":3706,"column":34},"end":{"line":3706,"column":46}}},"241":{"name":"(anonymous_241)","line":3733,"loc":{"start":{"line":3733,"column":39},"end":{"line":3733,"column":55}}},"242":{"name":"(anonymous_242)","line":3754,"loc":{"start":{"line":3754,"column":27},"end":{"line":3754,"column":48}}},"243":{"name":"(anonymous_243)","line":3779,"loc":{"start":{"line":3779,"column":32},"end":{"line":3779,"column":48}}},"244":{"name":"(anonymous_244)","line":3787,"loc":{"start":{"line":3787,"column":27},"end":{"line":3787,"column":47}}},"245":{"name":"(anonymous_245)","line":3788,"loc":{"start":{"line":3788,"column":36},"end":{"line":3788,"column":58}}},"246":{"name":"(anonymous_246)","line":3804,"loc":{"start":{"line":3804,"column":27},"end":{"line":3804,"column":48}}},"247":{"name":"(anonymous_247)","line":3822,"loc":{"start":{"line":3822,"column":6},"end":{"line":3822,"column":53}}},"248":{"name":"(anonymous_248)","line":3834,"loc":{"start":{"line":3834,"column":18},"end":{"line":3834,"column":35}}},"249":{"name":"(anonymous_249)","line":3847,"loc":{"start":{"line":3847,"column":28},"end":{"line":3847,"column":39}}},"250":{"name":"Assertion$fulfilled","line":3874,"loc":{"start":{"line":3874,"column":35},"end":{"line":3874,"column":66}}},"251":{"name":"next$onResolve","line":3880,"loc":{"start":{"line":3880,"column":26},"end":{"line":3880,"column":57}}},"252":{"name":"next$onReject","line":3885,"loc":{"start":{"line":3885,"column":8},"end":{"line":3885,"column":36}}},"253":{"name":"(anonymous_253)","line":3912,"loc":{"start":{"line":3912,"column":34},"end":{"line":3912,"column":45}}},"254":{"name":"(anonymous_254)","line":3918,"loc":{"start":{"line":3918,"column":26},"end":{"line":3918,"column":42}}},"255":{"name":"next$onError","line":3923,"loc":{"start":{"line":3923,"column":8},"end":{"line":3923,"column":35}}},"256":{"name":"(anonymous_256)","line":3951,"loc":{"start":{"line":3951,"column":39},"end":{"line":3951,"column":63}}},"257":{"name":"(anonymous_257)","line":3957,"loc":{"start":{"line":3957,"column":26},"end":{"line":3957,"column":42}}},"258":{"name":"next$onError","line":3963,"loc":{"start":{"line":3963,"column":8},"end":{"line":3963,"column":35}}},"259":{"name":"(anonymous_259)","line":3997,"loc":{"start":{"line":3997,"column":38},"end":{"line":3997,"column":68}}},"260":{"name":"(anonymous_260)","line":4003,"loc":{"start":{"line":4003,"column":26},"end":{"line":4003,"column":42}}},"261":{"name":"next$onError","line":4008,"loc":{"start":{"line":4008,"column":8},"end":{"line":4008,"column":35}}},"262":{"name":"(anonymous_262)","line":4084,"loc":{"start":{"line":4084,"column":10},"end":{"line":4084,"column":21}}},"263":{"name":"(anonymous_263)","line":4089,"loc":{"start":{"line":4089,"column":50},"end":{"line":4089,"column":64}}},"264":{"name":"(anonymous_264)","line":4106,"loc":{"start":{"line":4106,"column":6},"end":{"line":4106,"column":32}}}},"statementMap":{"1":{"start":{"line":1,"column":9},"end":{"line":4111,"column":12}},"2":{"start":{"line":3,"column":10},"end":{"line":3,"column":36}},"3":{"start":{"line":6,"column":10},"end":{"line":27,"column":11}},"4":{"start":{"line":9,"column":11},"end":{"line":10,"column":54}},"5":{"start":{"line":10,"column":12},"end":{"line":10,"column":54}},"6":{"start":{"line":13,"column":11},"end":{"line":17,"column":13}},"7":{"start":{"line":20,"column":11},"end":{"line":20,"column":95}},"8":{"start":{"line":23,"column":11},"end":{"line":23,"column":32}},"9":{"start":{"line":26,"column":11},"end":{"line":26,"column":33}},"10":{"start":{"line":31,"column":10},"end":{"line":31,"column":42}},"11":{"start":{"line":34,"column":10},"end":{"line":34,"column":51}},"12":{"start":{"line":37,"column":10},"end":{"line":37,"column":37}},"13":{"start":{"line":40,"column":10},"end":{"line":40,"column":40}},"14":{"start":{"line":47,"column":1},"end":{"line":47,"column":36}},"15":{"start":{"line":49,"column":1},"end":{"line":57,"column":3}},"16":{"start":{"line":51,"column":3},"end":{"line":56,"column":5}},"17":{"start":{"line":52,"column":5},"end":{"line":52,"column":41}},"18":{"start":{"line":54,"column":5},"end":{"line":54,"column":36}},"19":{"start":{"line":55,"column":5},"end":{"line":55,"column":37}},"20":{"start":{"line":65,"column":1},"end":{"line":65,"column":37}},"21":{"start":{"line":67,"column":1},"end":{"line":67,"column":37}},"22":{"start":{"line":68,"column":1},"end":{"line":68,"column":32}},"23":{"start":{"line":71,"column":1},"end":{"line":76,"column":2}},"24":{"start":{"line":72,"column":3},"end":{"line":72,"column":65}},"25":{"start":{"line":73,"column":3},"end":{"line":73,"column":35}},"26":{"start":{"line":78,"column":1},"end":{"line":78,"column":25}},"27":{"start":{"line":92,"column":1},"end":{"line":92,"column":35}},"28":{"start":{"line":104,"column":1},"end":{"line":106,"column":2}},"29":{"start":{"line":105,"column":3},"end":{"line":105,"column":38}},"30":{"start":{"line":108,"column":1},"end":{"line":108,"column":48}},"31":{"start":{"line":109,"column":1},"end":{"line":109,"column":44}},"32":{"start":{"line":111,"column":1},"end":{"line":111,"column":29}},"33":{"start":{"line":112,"column":1},"end":{"line":112,"column":38}},"34":{"start":{"line":113,"column":1},"end":{"line":113,"column":20}},"35":{"start":{"line":137,"column":1},"end":{"line":137,"column":40}},"36":{"start":{"line":140,"column":1},"end":{"line":140,"column":35}},"37":{"start":{"line":162,"column":1},"end":{"line":178,"column":3}},"38":{"start":{"line":163,"column":3},"end":{"line":163,"column":43}},"39":{"start":{"line":164,"column":3},"end":{"line":164,"column":37}},"40":{"start":{"line":166,"column":3},"end":{"line":166,"column":77}},"41":{"start":{"line":168,"column":3},"end":{"line":175,"column":6}},"42":{"start":{"line":172,"column":7},"end":{"line":172,"column":71}},"43":{"start":{"line":177,"column":3},"end":{"line":177,"column":75}},"44":{"start":{"line":199,"column":1},"end":{"line":210,"column":3}},"45":{"start":{"line":200,"column":3},"end":{"line":200,"column":37}},"46":{"start":{"line":202,"column":3},"end":{"line":208,"column":4}},"47":{"start":{"line":203,"column":5},"end":{"line":203,"column":34}},"48":{"start":{"line":205,"column":5},"end":{"line":207,"column":6}},"49":{"start":{"line":206,"column":7},"end":{"line":206,"column":69}},"50":{"start":{"line":209,"column":3},"end":{"line":209,"column":17}},"51":{"start":{"line":229,"column":1},"end":{"line":232,"column":3}},"52":{"start":{"line":230,"column":3},"end":{"line":230,"column":31}},"53":{"start":{"line":231,"column":3},"end":{"line":231,"column":15}},"54":{"start":{"line":234,"column":1},"end":{"line":246,"column":33}},"55":{"start":{"line":259,"column":1},"end":{"line":259,"column":35}},"56":{"start":{"line":260,"column":1},"end":{"line":260,"column":37}},"57":{"start":{"line":268,"column":1},"end":{"line":270,"column":3}},"58":{"start":{"line":269,"column":3},"end":{"line":269,"column":83}},"59":{"start":{"line":272,"column":1},"end":{"line":279,"column":3}},"60":{"start":{"line":273,"column":3},"end":{"line":277,"column":4}},"61":{"start":{"line":274,"column":5},"end":{"line":276,"column":6}},"62":{"start":{"line":275,"column":7},"end":{"line":275,"column":23}},"63":{"start":{"line":278,"column":3},"end":{"line":278,"column":12}},"64":{"start":{"line":281,"column":1},"end":{"line":281,"column":54}},"65":{"start":{"line":283,"column":1},"end":{"line":301,"column":3}},"66":{"start":{"line":284,"column":3},"end":{"line":300,"column":4}},"67":{"start":{"line":285,"column":5},"end":{"line":285,"column":39}},"68":{"start":{"line":286,"column":10},"end":{"line":300,"column":4}},"69":{"start":{"line":287,"column":5},"end":{"line":287,"column":28}},"70":{"start":{"line":288,"column":5},"end":{"line":292,"column":6}},"71":{"start":{"line":289,"column":7},"end":{"line":290,"column":16}},"72":{"start":{"line":290,"column":9},"end":{"line":290,"column":16}},"73":{"start":{"line":291,"column":7},"end":{"line":291,"column":26}},"74":{"start":{"line":294,"column":5},"end":{"line":299,"column":6}},"75":{"start":{"line":295,"column":7},"end":{"line":298,"column":8}},"76":{"start":{"line":296,"column":9},"end":{"line":297,"column":18}},"77":{"start":{"line":297,"column":11},"end":{"line":297,"column":18}},"78":{"start":{"line":303,"column":1},"end":{"line":312,"column":3}},"79":{"start":{"line":304,"column":3},"end":{"line":304,"column":19}},"80":{"start":{"line":305,"column":3},"end":{"line":310,"column":15}},"81":{"start":{"line":306,"column":5},"end":{"line":309,"column":6}},"82":{"start":{"line":307,"column":7},"end":{"line":307,"column":18}},"83":{"start":{"line":308,"column":7},"end":{"line":308,"column":20}},"84":{"start":{"line":311,"column":3},"end":{"line":311,"column":14}},"85":{"start":{"line":314,"column":1},"end":{"line":321,"column":3}},"86":{"start":{"line":315,"column":3},"end":{"line":319,"column":4}},"87":{"start":{"line":316,"column":5},"end":{"line":318,"column":6}},"88":{"start":{"line":317,"column":7},"end":{"line":317,"column":20}},"89":{"start":{"line":320,"column":3},"end":{"line":320,"column":15}},"90":{"start":{"line":323,"column":1},"end":{"line":333,"column":3}},"91":{"start":{"line":324,"column":3},"end":{"line":324,"column":21}},"92":{"start":{"line":325,"column":3},"end":{"line":332,"column":29}},"93":{"start":{"line":335,"column":1},"end":{"line":354,"column":3}},"94":{"start":{"line":336,"column":3},"end":{"line":336,"column":21}},"95":{"start":{"line":337,"column":3},"end":{"line":353,"column":4}},"96":{"start":{"line":339,"column":7},"end":{"line":339,"column":25}},"97":{"start":{"line":341,"column":7},"end":{"line":352,"column":8}},"98":{"start":{"line":345,"column":11},"end":{"line":345,"column":33}},"99":{"start":{"line":351,"column":11},"end":{"line":351,"column":29}},"100":{"start":{"line":356,"column":1},"end":{"line":362,"column":3}},"101":{"start":{"line":357,"column":3},"end":{"line":361,"column":4}},"102":{"start":{"line":358,"column":5},"end":{"line":358,"column":17}},"103":{"start":{"line":360,"column":5},"end":{"line":360,"column":25}},"104":{"start":{"line":364,"column":1},"end":{"line":370,"column":3}},"105":{"start":{"line":365,"column":3},"end":{"line":365,"column":25}},"106":{"start":{"line":365,"column":12},"end":{"line":365,"column":25}},"107":{"start":{"line":367,"column":3},"end":{"line":369,"column":42}},"108":{"start":{"line":373,"column":1},"end":{"line":377,"column":3}},"109":{"start":{"line":374,"column":3},"end":{"line":374,"column":43}},"110":{"start":{"line":374,"column":30},"end":{"line":374,"column":43}},"111":{"start":{"line":376,"column":3},"end":{"line":376,"column":49}},"112":{"start":{"line":379,"column":1},"end":{"line":381,"column":3}},"113":{"start":{"line":380,"column":3},"end":{"line":380,"column":50}},"114":{"start":{"line":383,"column":1},"end":{"line":383,"column":70}},"115":{"start":{"line":385,"column":1},"end":{"line":387,"column":3}},"116":{"start":{"line":386,"column":3},"end":{"line":386,"column":66}},"117":{"start":{"line":394,"column":1},"end":{"line":394,"column":42}},"118":{"start":{"line":396,"column":1},"end":{"line":396,"column":36}},"119":{"start":{"line":416,"column":1},"end":{"line":420,"column":2}},"120":{"start":{"line":417,"column":3},"end":{"line":417,"column":20}},"121":{"start":{"line":418,"column":3},"end":{"line":418,"column":18}},"122":{"start":{"line":419,"column":3},"end":{"line":419,"column":18}},"123":{"start":{"line":426,"column":1},"end":{"line":428,"column":2}},"124":{"start":{"line":427,"column":3},"end":{"line":427,"column":20}},"125":{"start":{"line":430,"column":1},"end":{"line":462,"column":3}},"126":{"start":{"line":432,"column":5},"end":{"line":432,"column":28}},"127":{"start":{"line":433,"column":5},"end":{"line":433,"column":17}},"128":{"start":{"line":437,"column":5},"end":{"line":441,"column":8}},"129":{"start":{"line":438,"column":7},"end":{"line":440,"column":8}},"130":{"start":{"line":439,"column":9},"end":{"line":439,"column":30}},"131":{"start":{"line":445,"column":5},"end":{"line":449,"column":8}},"132":{"start":{"line":446,"column":7},"end":{"line":448,"column":8}},"133":{"start":{"line":447,"column":9},"end":{"line":447,"column":49}},"134":{"start":{"line":453,"column":5},"end":{"line":453,"column":29}},"135":{"start":{"line":454,"column":5},"end":{"line":454,"column":34}},"136":{"start":{"line":456,"column":5},"end":{"line":459,"column":6}},"137":{"start":{"line":457,"column":7},"end":{"line":457,"column":61}},"138":{"start":{"line":458,"column":7},"end":{"line":458,"column":49}},"139":{"start":{"line":458,"column":38},"end":{"line":458,"column":49}},"140":{"start":{"line":464,"column":1},"end":{"line":464,"column":30}},"141":{"start":{"line":468,"column":1},"end":{"line":532,"column":6}},"142":{"start":{"line":476,"column":5},"end":{"line":476,"column":50}},"143":{"start":{"line":476,"column":22},"end":{"line":476,"column":50}},"144":{"start":{"line":509,"column":5},"end":{"line":512,"column":10}},"145":{"start":{"line":511,"column":11},"end":{"line":511,"column":56}},"146":{"start":{"line":515,"column":5},"end":{"line":517,"column":6}},"147":{"start":{"line":516,"column":7},"end":{"line":516,"column":51}},"148":{"start":{"line":520,"column":5},"end":{"line":522,"column":6}},"149":{"start":{"line":521,"column":7},"end":{"line":521,"column":71}},"150":{"start":{"line":526,"column":5},"end":{"line":528,"column":6}},"151":{"start":{"line":527,"column":7},"end":{"line":527,"column":49}},"152":{"start":{"line":531,"column":5},"end":{"line":531,"column":35}},"153":{"start":{"line":540,"column":1},"end":{"line":542,"column":2}},"154":{"start":{"line":541,"column":3},"end":{"line":541,"column":28}},"155":{"start":{"line":544,"column":1},"end":{"line":544,"column":30}},"156":{"start":{"line":545,"column":1},"end":{"line":545,"column":41}},"157":{"start":{"line":546,"column":1},"end":{"line":546,"column":27}},"158":{"start":{"line":548,"column":1},"end":{"line":550,"column":4}},"159":{"start":{"line":549,"column":3},"end":{"line":549,"column":45}},"160":{"start":{"line":552,"column":1},"end":{"line":552,"column":32}},"161":{"start":{"line":559,"column":1},"end":{"line":597,"column":3}},"162":{"start":{"line":599,"column":1},"end":{"line":599,"column":24}},"163":{"start":{"line":612,"column":1},"end":{"line":612,"column":50}},"164":{"start":{"line":614,"column":1},"end":{"line":620,"column":3}},"165":{"start":{"line":618,"column":5},"end":{"line":618,"column":42}},"166":{"start":{"line":622,"column":1},"end":{"line":622,"column":25}},"167":{"start":{"line":629,"column":1},"end":{"line":629,"column":38}},"168":{"start":{"line":630,"column":1},"end":{"line":630,"column":35}},"169":{"start":{"line":632,"column":1},"end":{"line":638,"column":2}},"170":{"start":{"line":633,"column":3},"end":{"line":637,"column":5}},"171":{"start":{"line":634,"column":5},"end":{"line":634,"column":22}},"172":{"start":{"line":635,"column":5},"end":{"line":635,"column":14}},"173":{"start":{"line":636,"column":5},"end":{"line":636,"column":14}},"174":{"start":{"line":641,"column":1},"end":{"line":651,"column":2}},"175":{"start":{"line":642,"column":3},"end":{"line":642,"column":21}},"176":{"start":{"line":644,"column":3},"end":{"line":644,"column":18}},"177":{"start":{"line":645,"column":3},"end":{"line":645,"column":91}},"178":{"start":{"line":647,"column":3},"end":{"line":647,"column":89}},"179":{"start":{"line":648,"column":3},"end":{"line":648,"column":38}},"180":{"start":{"line":650,"column":3},"end":{"line":650,"column":37}},"181":{"start":{"line":653,"column":1},"end":{"line":778,"column":3}},"182":{"start":{"line":657,"column":5},"end":{"line":657,"column":28}},"183":{"start":{"line":658,"column":5},"end":{"line":658,"column":40}},"184":{"start":{"line":659,"column":5},"end":{"line":662,"column":6}},"185":{"start":{"line":660,"column":7},"end":{"line":660,"column":28}},"186":{"start":{"line":661,"column":7},"end":{"line":661,"column":28}},"187":{"start":{"line":663,"column":5},"end":{"line":665,"column":6}},"188":{"start":{"line":664,"column":7},"end":{"line":664,"column":28}},"189":{"start":{"line":666,"column":5},"end":{"line":666,"column":117}},"190":{"start":{"line":667,"column":5},"end":{"line":667,"column":39}},"191":{"start":{"line":671,"column":5},"end":{"line":671,"column":23}},"192":{"start":{"line":672,"column":5},"end":{"line":672,"column":50}},"193":{"start":{"line":674,"column":5},"end":{"line":674,"column":17}},"194":{"start":{"line":676,"column":5},"end":{"line":676,"column":84}},"195":{"start":{"line":677,"column":5},"end":{"line":677,"column":81}},"196":{"start":{"line":678,"column":5},"end":{"line":678,"column":48}},"197":{"start":{"line":679,"column":5},"end":{"line":679,"column":67}},"198":{"start":{"line":679,"column":52},"end":{"line":679,"column":64}},"199":{"start":{"line":681,"column":5},"end":{"line":681,"column":27}},"200":{"start":{"line":682,"column":5},"end":{"line":682,"column":19}},"201":{"start":{"line":684,"column":5},"end":{"line":692,"column":14}},"202":{"start":{"line":685,"column":7},"end":{"line":685,"column":34}},"203":{"start":{"line":685,"column":27},"end":{"line":685,"column":34}},"204":{"start":{"line":687,"column":7},"end":{"line":687,"column":54}},"205":{"start":{"line":689,"column":7},"end":{"line":689,"column":95}},"206":{"start":{"line":690,"column":7},"end":{"line":690,"column":23}},"207":{"start":{"line":691,"column":7},"end":{"line":691,"column":20}},"208":{"start":{"line":693,"column":5},"end":{"line":693,"column":21}},"209":{"start":{"line":695,"column":5},"end":{"line":699,"column":14}},"210":{"start":{"line":696,"column":7},"end":{"line":696,"column":68}},"211":{"start":{"line":697,"column":7},"end":{"line":697,"column":23}},"212":{"start":{"line":698,"column":7},"end":{"line":698,"column":20}},"213":{"start":{"line":701,"column":5},"end":{"line":701,"column":72}},"214":{"start":{"line":702,"column":5},"end":{"line":702,"column":41}},"215":{"start":{"line":702,"column":27},"end":{"line":702,"column":41}},"216":{"start":{"line":704,"column":5},"end":{"line":704,"column":28}},"217":{"start":{"line":705,"column":5},"end":{"line":711,"column":6}},"218":{"start":{"line":706,"column":7},"end":{"line":706,"column":52}},"219":{"start":{"line":707,"column":7},"end":{"line":707,"column":52}},"220":{"start":{"line":709,"column":7},"end":{"line":709,"column":22}},"221":{"start":{"line":710,"column":7},"end":{"line":710,"column":22}},"222":{"start":{"line":713,"column":5},"end":{"line":713,"column":38}},"223":{"start":{"line":715,"column":5},"end":{"line":716,"column":58}},"224":{"start":{"line":716,"column":7},"end":{"line":716,"column":58}},"225":{"start":{"line":718,"column":5},"end":{"line":722,"column":6}},"226":{"start":{"line":719,"column":7},"end":{"line":719,"column":124}},"227":{"start":{"line":721,"column":7},"end":{"line":721,"column":155}},"228":{"start":{"line":726,"column":5},"end":{"line":726,"column":39}},"229":{"start":{"line":728,"column":5},"end":{"line":728,"column":17}},"230":{"start":{"line":730,"column":5},"end":{"line":730,"column":27}},"231":{"start":{"line":731,"column":5},"end":{"line":735,"column":14}},"232":{"start":{"line":732,"column":7},"end":{"line":732,"column":48}},"233":{"start":{"line":733,"column":7},"end":{"line":733,"column":23}},"234":{"start":{"line":734,"column":7},"end":{"line":734,"column":16}},"235":{"start":{"line":736,"column":5},"end":{"line":736,"column":21}},"236":{"start":{"line":738,"column":5},"end":{"line":738,"column":40}},"237":{"start":{"line":738,"column":28},"end":{"line":738,"column":40}},"238":{"start":{"line":740,"column":5},"end":{"line":744,"column":6}},"239":{"start":{"line":741,"column":7},"end":{"line":741,"column":90}},"240":{"start":{"line":743,"column":7},"end":{"line":743,"column":131}},"241":{"start":{"line":748,"column":5},"end":{"line":748,"column":80}},"242":{"start":{"line":752,"column":5},"end":{"line":752,"column":61}},"243":{"start":{"line":754,"column":5},"end":{"line":754,"column":50}},"244":{"start":{"line":756,"column":5},"end":{"line":761,"column":31}},"245":{"start":{"line":763,"column":5},"end":{"line":763,"column":40}},"246":{"start":{"line":767,"column":5},"end":{"line":767,"column":61}},"247":{"start":{"line":769,"column":5},"end":{"line":774,"column":31}},"248":{"start":{"line":776,"column":5},"end":{"line":776,"column":22}},"249":{"start":{"line":780,"column":1},"end":{"line":784,"column":3}},"250":{"start":{"line":781,"column":3},"end":{"line":781,"column":52}},"251":{"start":{"line":782,"column":3},"end":{"line":782,"column":18}},"252":{"start":{"line":783,"column":3},"end":{"line":783,"column":56}},"253":{"start":{"line":786,"column":1},"end":{"line":793,"column":3}},"254":{"start":{"line":787,"column":3},"end":{"line":792,"column":5}},"255":{"start":{"line":788,"column":5},"end":{"line":788,"column":38}},"256":{"start":{"line":789,"column":5},"end":{"line":789,"column":34}},"257":{"start":{"line":790,"column":5},"end":{"line":791,"column":57}},"258":{"start":{"line":790,"column":27},"end":{"line":790,"column":41}},"259":{"start":{"line":791,"column":10},"end":{"line":791,"column":57}},"260":{"start":{"line":795,"column":1},"end":{"line":795,"column":50}},"261":{"start":{"line":797,"column":1},"end":{"line":808,"column":3}},"262":{"start":{"line":798,"column":3},"end":{"line":800,"column":4}},"263":{"start":{"line":799,"column":5},"end":{"line":799,"column":19}},"264":{"start":{"line":801,"column":3},"end":{"line":801,"column":52}},"265":{"start":{"line":802,"column":3},"end":{"line":805,"column":4}},"266":{"start":{"line":804,"column":5},"end":{"line":804,"column":15}},"267":{"start":{"line":806,"column":3},"end":{"line":806,"column":25}},"268":{"start":{"line":807,"column":3},"end":{"line":807,"column":15}},"269":{"start":{"line":810,"column":1},"end":{"line":824,"column":3}},"270":{"start":{"line":811,"column":3},"end":{"line":823,"column":4}},"271":{"start":{"line":812,"column":5},"end":{"line":812,"column":74}},"272":{"start":{"line":813,"column":5},"end":{"line":820,"column":6}},"273":{"start":{"line":816,"column":9},"end":{"line":816,"column":61}},"274":{"start":{"line":817,"column":9},"end":{"line":819,"column":10}},"275":{"start":{"line":818,"column":11},"end":{"line":818,"column":23}},"276":{"start":{"line":822,"column":5},"end":{"line":822,"column":38}},"277":{"start":{"line":826,"column":1},"end":{"line":834,"column":3}},"278":{"start":{"line":827,"column":3},"end":{"line":827,"column":12}},"279":{"start":{"line":828,"column":3},"end":{"line":832,"column":4}},"280":{"start":{"line":829,"column":5},"end":{"line":829,"column":79}},"281":{"start":{"line":831,"column":5},"end":{"line":831,"column":23}},"282":{"start":{"line":833,"column":3},"end":{"line":833,"column":15}},"283":{"start":{"line":836,"column":1},"end":{"line":860,"column":3}},"284":{"start":{"line":837,"column":3},"end":{"line":859,"column":5}},"285":{"start":{"line":838,"column":5},"end":{"line":838,"column":45}},"286":{"start":{"line":839,"column":5},"end":{"line":839,"column":36}},"287":{"start":{"line":840,"column":5},"end":{"line":840,"column":30}},"288":{"start":{"line":841,"column":5},"end":{"line":841,"column":17}},"289":{"start":{"line":842,"column":5},"end":{"line":847,"column":6}},"290":{"start":{"line":843,"column":7},"end":{"line":843,"column":29}},"291":{"start":{"line":844,"column":7},"end":{"line":844,"column":50}},"292":{"start":{"line":845,"column":7},"end":{"line":845,"column":23}},"293":{"start":{"line":846,"column":7},"end":{"line":846,"column":31}},"294":{"start":{"line":848,"column":5},"end":{"line":848,"column":55}},"295":{"start":{"line":849,"column":5},"end":{"line":849,"column":30}},"296":{"start":{"line":849,"column":16},"end":{"line":849,"column":30}},"297":{"start":{"line":851,"column":5},"end":{"line":852,"column":28}},"298":{"start":{"line":852,"column":7},"end":{"line":852,"column":28}},"299":{"start":{"line":854,"column":5},"end":{"line":858,"column":6}},"300":{"start":{"line":855,"column":7},"end":{"line":855,"column":83}},"301":{"start":{"line":857,"column":7},"end":{"line":857,"column":106}},"302":{"start":{"line":862,"column":1},"end":{"line":862,"column":63}},"303":{"start":{"line":862,"column":41},"end":{"line":862,"column":60}},"304":{"start":{"line":863,"column":1},"end":{"line":863,"column":53}},"305":{"start":{"line":863,"column":36},"end":{"line":863,"column":50}},"306":{"start":{"line":864,"column":1},"end":{"line":864,"column":78}},"307":{"start":{"line":864,"column":44},"end":{"line":864,"column":75}},"308":{"start":{"line":865,"column":1},"end":{"line":865,"column":70}},"309":{"start":{"line":865,"column":43},"end":{"line":865,"column":67}},"310":{"start":{"line":867,"column":1},"end":{"line":873,"column":4}},"311":{"start":{"line":868,"column":3},"end":{"line":872,"column":6}},"312":{"start":{"line":869,"column":5},"end":{"line":871,"column":8}},"313":{"start":{"line":875,"column":1},"end":{"line":885,"column":4}},"314":{"start":{"line":876,"column":3},"end":{"line":876,"column":35}},"315":{"start":{"line":878,"column":3},"end":{"line":884,"column":6}},"316":{"start":{"line":881,"column":7},"end":{"line":881,"column":74}},"317":{"start":{"line":887,"column":1},"end":{"line":891,"column":4}},"318":{"start":{"line":888,"column":3},"end":{"line":890,"column":6}},"319":{"start":{"line":893,"column":1},"end":{"line":896,"column":4}},"320":{"start":{"line":894,"column":3},"end":{"line":894,"column":48}},"321":{"start":{"line":894,"column":36},"end":{"line":894,"column":48}},"322":{"start":{"line":895,"column":3},"end":{"line":895,"column":24}},"323":{"start":{"line":898,"column":1},"end":{"line":902,"column":4}},"324":{"start":{"line":899,"column":3},"end":{"line":901,"column":36}},"325":{"start":{"line":904,"column":1},"end":{"line":906,"column":4}},"326":{"start":{"line":905,"column":3},"end":{"line":905,"column":36}},"327":{"start":{"line":908,"column":1},"end":{"line":918,"column":4}},"328":{"start":{"line":909,"column":3},"end":{"line":917,"column":6}},"329":{"start":{"line":912,"column":7},"end":{"line":914,"column":8}},"330":{"start":{"line":913,"column":9},"end":{"line":913,"column":45}},"331":{"start":{"line":920,"column":1},"end":{"line":929,"column":4}},"332":{"start":{"line":921,"column":3},"end":{"line":928,"column":6}},"333":{"start":{"line":923,"column":7},"end":{"line":925,"column":8}},"334":{"start":{"line":924,"column":9},"end":{"line":924,"column":45}},"335":{"start":{"line":932,"column":1},"end":{"line":956,"column":2}},"336":{"start":{"line":933,"column":3},"end":{"line":933,"column":35}},"337":{"start":{"line":935,"column":3},"end":{"line":939,"column":52}},"338":{"start":{"line":941,"column":3},"end":{"line":947,"column":60}},"339":{"start":{"line":949,"column":3},"end":{"line":949,"column":38}},"340":{"start":{"line":950,"column":3},"end":{"line":950,"column":28}},"341":{"start":{"line":951,"column":3},"end":{"line":951,"column":38}},"342":{"start":{"line":952,"column":3},"end":{"line":952,"column":36}},"343":{"start":{"line":953,"column":3},"end":{"line":953,"column":85}},"344":{"start":{"line":955,"column":3},"end":{"line":955,"column":60}},"345":{"start":{"line":958,"column":1},"end":{"line":960,"column":4}},"346":{"start":{"line":959,"column":3},"end":{"line":959,"column":82}},"347":{"start":{"line":962,"column":1},"end":{"line":966,"column":4}},"348":{"start":{"line":963,"column":3},"end":{"line":965,"column":6}},"349":{"start":{"line":968,"column":1},"end":{"line":973,"column":4}},"350":{"start":{"line":969,"column":3},"end":{"line":972,"column":6}},"351":{"start":{"line":975,"column":1},"end":{"line":975,"column":101}},"352":{"start":{"line":977,"column":1},"end":{"line":977,"column":116}},"353":{"start":{"line":979,"column":1},"end":{"line":979,"column":117}},"354":{"start":{"line":980,"column":1},"end":{"line":980,"column":119}},"355":{"start":{"line":981,"column":1},"end":{"line":981,"column":133}},"356":{"start":{"line":983,"column":1},"end":{"line":983,"column":119}},"357":{"start":{"line":984,"column":1},"end":{"line":984,"column":121}},"358":{"start":{"line":986,"column":1},"end":{"line":986,"column":119}},"359":{"start":{"line":987,"column":1},"end":{"line":987,"column":121}},"360":{"start":{"line":991,"column":1},"end":{"line":993,"column":4}},"361":{"start":{"line":992,"column":3},"end":{"line":992,"column":22}},"362":{"start":{"line":995,"column":1},"end":{"line":997,"column":4}},"363":{"start":{"line":996,"column":3},"end":{"line":996,"column":29}},"364":{"start":{"line":999,"column":1},"end":{"line":1001,"column":4}},"365":{"start":{"line":1000,"column":3},"end":{"line":1000,"column":26}},"366":{"start":{"line":1003,"column":1},"end":{"line":1005,"column":4}},"367":{"start":{"line":1004,"column":3},"end":{"line":1004,"column":26}},"368":{"start":{"line":1007,"column":1},"end":{"line":1009,"column":4}},"369":{"start":{"line":1008,"column":3},"end":{"line":1008,"column":42}},"370":{"start":{"line":1011,"column":1},"end":{"line":1013,"column":4}},"371":{"start":{"line":1012,"column":3},"end":{"line":1012,"column":19}},"372":{"start":{"line":1015,"column":1},"end":{"line":1042,"column":4}},"373":{"start":{"line":1016,"column":3},"end":{"line":1016,"column":29}},"374":{"start":{"line":1017,"column":3},"end":{"line":1017,"column":15}},"375":{"start":{"line":1019,"column":3},"end":{"line":1019,"column":25}},"376":{"start":{"line":1021,"column":3},"end":{"line":1021,"column":18}},"377":{"start":{"line":1023,"column":3},"end":{"line":1023,"column":26}},"378":{"start":{"line":1024,"column":3},"end":{"line":1031,"column":4}},"379":{"start":{"line":1025,"column":5},"end":{"line":1025,"column":26}},"380":{"start":{"line":1026,"column":5},"end":{"line":1026,"column":30}},"381":{"start":{"line":1027,"column":5},"end":{"line":1027,"column":21}},"382":{"start":{"line":1028,"column":5},"end":{"line":1028,"column":19}},"383":{"start":{"line":1030,"column":5},"end":{"line":1030,"column":24}},"384":{"start":{"line":1033,"column":3},"end":{"line":1033,"column":19}},"385":{"start":{"line":1035,"column":3},"end":{"line":1035,"column":42}},"386":{"start":{"line":1035,"column":26},"end":{"line":1035,"column":42}},"387":{"start":{"line":1037,"column":3},"end":{"line":1041,"column":4}},"388":{"start":{"line":1038,"column":5},"end":{"line":1038,"column":61}},"389":{"start":{"line":1040,"column":5},"end":{"line":1040,"column":89}},"390":{"start":{"line":1044,"column":1},"end":{"line":1080,"column":4}},"391":{"start":{"line":1045,"column":3},"end":{"line":1045,"column":30}},"392":{"start":{"line":1046,"column":3},"end":{"line":1046,"column":15}},"393":{"start":{"line":1048,"column":3},"end":{"line":1048,"column":25}},"394":{"start":{"line":1050,"column":3},"end":{"line":1050,"column":18}},"395":{"start":{"line":1052,"column":3},"end":{"line":1052,"column":26}},"396":{"start":{"line":1053,"column":3},"end":{"line":1069,"column":4}},"397":{"start":{"line":1054,"column":5},"end":{"line":1054,"column":26}},"398":{"start":{"line":1055,"column":5},"end":{"line":1055,"column":34}},"399":{"start":{"line":1056,"column":5},"end":{"line":1056,"column":34}},"400":{"start":{"line":1058,"column":5},"end":{"line":1058,"column":11}},"401":{"start":{"line":1059,"column":5},"end":{"line":1063,"column":6}},"402":{"start":{"line":1060,"column":7},"end":{"line":1060,"column":28}},"403":{"start":{"line":1062,"column":7},"end":{"line":1062,"column":29}},"404":{"start":{"line":1065,"column":5},"end":{"line":1065,"column":38}},"405":{"start":{"line":1066,"column":5},"end":{"line":1066,"column":19}},"406":{"start":{"line":1068,"column":5},"end":{"line":1068,"column":24}},"407":{"start":{"line":1071,"column":3},"end":{"line":1071,"column":19}},"408":{"start":{"line":1073,"column":3},"end":{"line":1073,"column":42}},"409":{"start":{"line":1073,"column":26},"end":{"line":1073,"column":42}},"410":{"start":{"line":1075,"column":3},"end":{"line":1079,"column":4}},"411":{"start":{"line":1076,"column":5},"end":{"line":1076,"column":61}},"412":{"start":{"line":1078,"column":5},"end":{"line":1078,"column":89}},"413":{"start":{"line":1082,"column":1},"end":{"line":1082,"column":72}},"414":{"start":{"line":1084,"column":1},"end":{"line":1086,"column":2}},"415":{"start":{"line":1085,"column":3},"end":{"line":1085,"column":44}},"416":{"start":{"line":1088,"column":1},"end":{"line":1088,"column":37}},"417":{"start":{"line":1089,"column":1},"end":{"line":1089,"column":32}},"418":{"start":{"line":1096,"column":1},"end":{"line":1098,"column":2}},"419":{"start":{"line":1097,"column":3},"end":{"line":1097,"column":75}},"420":{"start":{"line":1097,"column":43},"end":{"line":1097,"column":60}},"421":{"start":{"line":1100,"column":1},"end":{"line":1115,"column":2}},"422":{"start":{"line":1101,"column":3},"end":{"line":1101,"column":20}},"423":{"start":{"line":1102,"column":3},"end":{"line":1102,"column":23}},"424":{"start":{"line":1104,"column":3},"end":{"line":1107,"column":4}},"425":{"start":{"line":1105,"column":5},"end":{"line":1105,"column":20}},"426":{"start":{"line":1106,"column":5},"end":{"line":1106,"column":20}},"427":{"start":{"line":1109,"column":3},"end":{"line":1114,"column":4}},"428":{"start":{"line":1110,"column":5},"end":{"line":1110,"column":66}},"429":{"start":{"line":1111,"column":5},"end":{"line":1111,"column":52}},"430":{"start":{"line":1113,"column":5},"end":{"line":1113,"column":16}},"431":{"start":{"line":1117,"column":1},"end":{"line":1123,"column":3}},"432":{"start":{"line":1121,"column":5},"end":{"line":1121,"column":33}},"433":{"start":{"line":1136,"column":1},"end":{"line":1136,"column":35}},"434":{"start":{"line":1145,"column":1},"end":{"line":1186,"column":3}},"435":{"start":{"line":1146,"column":3},"end":{"line":1146,"column":29}},"436":{"start":{"line":1148,"column":3},"end":{"line":1161,"column":4}},"437":{"start":{"line":1149,"column":5},"end":{"line":1160,"column":7}},"438":{"start":{"line":1151,"column":11},"end":{"line":1154,"column":12}},"439":{"start":{"line":1152,"column":13},"end":{"line":1152,"column":52}},"440":{"start":{"line":1153,"column":13},"end":{"line":1153,"column":42}},"441":{"start":{"line":1155,"column":11},"end":{"line":1155,"column":32}},"442":{"start":{"line":1163,"column":3},"end":{"line":1185,"column":4}},"443":{"start":{"line":1164,"column":5},"end":{"line":1164,"column":60}},"444":{"start":{"line":1167,"column":5},"end":{"line":1167,"column":27}},"445":{"start":{"line":1168,"column":5},"end":{"line":1184,"column":6}},"446":{"start":{"line":1169,"column":7},"end":{"line":1169,"column":27}},"447":{"start":{"line":1171,"column":7},"end":{"line":1181,"column":8}},"
[...]
026,"column":5},"end":{"line":3026,"column":5}}]},"254":{"line":3068,"type":"if","locations":[{"start":{"line":3068,"column":5},"end":{"line":3068,"column":5}},{"start":{"line":3068,"column":5},"end":{"line":3068,"column":5}}]},"255":{"line":3093,"type":"if","locations":[{"start":{"line":3093,"column":5},"end":{"line":3093,"column":5}},{"start":{"line":3093,"column":5},"end":{"line":3093,"column":5}}]},"256":{"line":3095,"type":"if","locations":[{"start":{"line":3095,"column":12},"end":{"line":3095,"column":12}},{"start":{"line":3095,"column":12},"end":{"line":3095,"column":12}}]},"257":{"line":3096,"type":"if","locations":[{"start":{"line":3096,"column":7},"end":{"line":3096,"column":7}},{"start":{"line":3096,"column":7},"end":{"line":3096,"column":7}}]},"258":{"line":3096,"type":"binary-expr","locations":[{"start":{"line":3096,"column":10},"end":{"line":3096,"column":34}},{"start":{"line":3096,"column":38},"end":{"line":3096,"column":62}}]},"259":{"line":3108,"type":"if","locations":[{"start":{"line":3108,"column":7},"end":{"line":3108,"column":7}},{"start":{"line":3108,"column":7},"end":{"line":3108,"column":7}}]},"260":{"line":3112,"type":"if","locations":[{"start":{"line":3112,"column":5},"end":{"line":3112,"column":5}},{"start":{"line":3112,"column":5},"end":{"line":3112,"column":5}}]},"261":{"line":3114,"type":"if","locations":[{"start":{"line":3114,"column":12},"end":{"line":3114,"column":12}},{"start":{"line":3114,"column":12},"end":{"line":3114,"column":12}}]},"262":{"line":3120,"type":"cond-expr","locations":[{"start":{"line":3121,"column":9},"end":{"line":3121,"column":28}},{"start":{"line":3121,"column":31},"end":{"line":3121,"column":90}}]},"263":{"line":3121,"type":"cond-expr","locations":[{"start":{"line":3121,"column":59},"end":{"line":3121,"column":68}},{"start":{"line":3121,"column":71},"end":{"line":3121,"column":73}}]},"264":{"line":3127,"type":"binary-expr","locations":[{"start":{"line":3127,"column":17},"end":{"line":3127,"column":47}},{"start":{"line":3127,"column":52},"end":{"line":3127,"column":63}},{"start":{"line":3127,"column":67},"end":{"line":3127,"column":107}}]},"265":{"line":3131,"type":"if","locations":[{"start":{"line":3131,"column":5},"end":{"line":3131,"column":5}},{"start":{"line":3131,"column":5},"end":{"line":3131,"column":5}}]},"266":{"line":3138,"type":"if","locations":[{"start":{"line":3138,"column":9},"end":{"line":3138,"column":9}},{"start":{"line":3138,"column":9},"end":{"line":3138,"column":9}}]},"267":{"line":3145,"type":"if","locations":[{"start":{"line":3145,"column":7},"end":{"line":3145,"column":7}},{"start":{"line":3145,"column":7},"end":{"line":3145,"column":7}}]},"268":{"line":3145,"type":"binary-expr","locations":[{"start":{"line":3145,"column":11},"end":{"line":3145,"column":35}},{"start":{"line":3145,"column":39},"end":{"line":3145,"column":51}},{"start":{"line":3145,"column":57},"end":{"line":3145,"column":68}},{"start":{"line":3145,"column":72},"end":{"line":3145,"column":90}}]},"269":{"line":3149,"type":"cond-expr","locations":[{"start":{"line":3150,"column":9},"end":{"line":3150,"column":28}},{"start":{"line":3150,"column":31},"end":{"line":3150,"column":90}}]},"270":{"line":3150,"type":"cond-expr","locations":[{"start":{"line":3150,"column":59},"end":{"line":3150,"column":68}},{"start":{"line":3150,"column":71},"end":{"line":3150,"column":73}}]},"271":{"line":3156,"type":"binary-expr","locations":[{"start":{"line":3156,"column":19},"end":{"line":3156,"column":43}},{"start":{"line":3156,"column":48},"end":{"line":3156,"column":59}},{"start":{"line":3156,"column":63},"end":{"line":3156,"column":107}}]},"272":{"line":3224,"type":"if","locations":[{"start":{"line":3224,"column":5},"end":{"line":3224,"column":5}},{"start":{"line":3224,"column":5},"end":{"line":3224,"column":5}}]},"273":{"line":3250,"type":"if","locations":[{"start":{"line":3250,"column":5},"end":{"line":3250,"column":5}},{"start":{"line":3250,"column":5},"end":{"line":3250,"column":5}}]},"274":{"line":3251,"type":"if","locations":[{"start":{"line":3251,"column":10},"end":{"line":3251,"column":10}},{"start":{"line":3251,"column":10},"end":{"line":3251,"column":10}}]},"275":{"line":3251,"type":"binary-expr","locations":[{"start":{"line":3251,"column":13},"end":{"line":3251,"column":35}},{"start":{"line":3251,"column":39},"end":{"line":3251,"column":63}}]},"276":{"line":3252,"type":"if","locations":[{"start":{"line":3252,"column":10},"end":{"line":3252,"column":10}},{"start":{"line":3252,"column":10},"end":{"line":3252,"column":10}}]},"277":{"line":3261,"type":"if","locations":[{"start":{"line":3261,"column":7},"end":{"line":3261,"column":7}},{"start":{"line":3261,"column":7},"end":{"line":3261,"column":7}}]},"278":{"line":3268,"type":"if","locations":[{"start":{"line":3268,"column":7},"end":{"line":3268,"column":7}},{"start":{"line":3268,"column":7},"end":{"line":3268,"column":7}}]},"279":{"line":3273,"type":"cond-expr","locations":[{"start":{"line":3273,"column":36},"end":{"line":3273,"column":49}},{"start":{"line":3274,"column":5},"end":{"line":3274,"column":56}}]},"280":{"line":3274,"type":"cond-expr","locations":[{"start":{"line":3274,"column":39},"end":{"line":3274,"column":45}},{"start":{"line":3274,"column":48},"end":{"line":3274,"column":55}}]},"281":{"line":3278,"type":"if","locations":[{"start":{"line":3278,"column":5},"end":{"line":3278,"column":5}},{"start":{"line":3278,"column":5},"end":{"line":3278,"column":5}}]},"282":{"line":3281,"type":"if","locations":[{"start":{"line":3281,"column":5},"end":{"line":3281,"column":5}},{"start":{"line":3281,"column":5},"end":{"line":3281,"column":5}}]},"283":{"line":3284,"type":"binary-expr","locations":[{"start":{"line":3284,"column":17},"end":{"line":3284,"column":41}},{"start":{"line":3284,"column":45},"end":{"line":3284,"column":67}}]},"284":{"line":3301,"type":"if","locations":[{"start":{"line":3301,"column":5},"end":{"line":3301,"column":5}},{"start":{"line":3301,"column":5},"end":{"line":3301,"column":5}}]},"285":{"line":3302,"type":"if","locations":[{"start":{"line":3302,"column":10},"end":{"line":3302,"column":10}},{"start":{"line":3302,"column":10},"end":{"line":3302,"column":10}}]},"286":{"line":3302,"type":"binary-expr","locations":[{"start":{"line":3302,"column":13},"end":{"line":3302,"column":35}},{"start":{"line":3302,"column":39},"end":{"line":3302,"column":68}}]},"287":{"line":3303,"type":"if","locations":[{"start":{"line":3303,"column":10},"end":{"line":3303,"column":10}},{"start":{"line":3303,"column":10},"end":{"line":3303,"column":10}}]},"288":{"line":3371,"type":"if","locations":[{"start":{"line":3371,"column":5},"end":{"line":3371,"column":5}},{"start":{"line":3371,"column":5},"end":{"line":3371,"column":5}}]},"289":{"line":3373,"type":"if","locations":[{"start":{"line":3373,"column":12},"end":{"line":3373,"column":12}},{"start":{"line":3373,"column":12},"end":{"line":3373,"column":12}}]},"290":{"line":3388,"type":"if","locations":[{"start":{"line":3388,"column":5},"end":{"line":3388,"column":5}},{"start":{"line":3388,"column":5},"end":{"line":3388,"column":5}}]},"291":{"line":3389,"type":"if","locations":[{"start":{"line":3389,"column":7},"end":{"line":3389,"column":7}},{"start":{"line":3389,"column":7},"end":{"line":3389,"column":7}}]},"292":{"line":3390,"type":"if","locations":[{"start":{"line":3390,"column":9},"end":{"line":3390,"column":9}},{"start":{"line":3390,"column":9},"end":{"line":3390,"column":9}}]},"293":{"line":3392,"type":"if","locations":[{"start":{"line":3392,"column":16},"end":{"line":3392,"column":16}},{"start":{"line":3392,"column":16},"end":{"line":3392,"column":16}}]},"294":{"line":3394,"type":"if","locations":[{"start":{"line":3394,"column":16},"end":{"line":3394,"column":16}},{"start":{"line":3394,"column":16},"end":{"line":3394,"column":16}}]},"295":{"line":3396,"type":"if","locations":[{"start":{"line":3396,"column":16},"end":{"line":3396,"column":16}},{"start":{"line":3396,"column":16},"end":{"line":3396,"column":16}}]},"296":{"line":3400,"type":"if","locations":[{"start":{"line":3400,"column":13},"end":{"line":3400,"column":13}},{"start":{"line":3400,"column":13},"end":{"line":3400,"column":13}}]},"297":{"line":3409,"type":"if","locations":[{"start":{"line":3409,"column":9},"end":{"line":3409,"column":9}},{"start":{"line":3409,"column":9},"end":{"line":3409,"column":9}}]},"298":{"line":3410,"type":"if","locations":[{"start":{"line":3410,"column":11},"end":{"line":3410,"column":11}},{"start":{"line":3410,"column":11},"end":{"line":3410,"column":11}}]},"299":{"line":3410,"type":"binary-expr","locations":[{"start":{"line":3410,"column":14},"end":{"line":3410,"column":40}},{"start":{"line":3410,"column":44},"end":{"line":3410,"column":69}}]},"300":{"line":3412,"type":"if","locations":[{"start":{"line":3412,"column":18},"end":{"line":3412,"column":18}},{"start":{"line":3412,"column":18},"end":{"line":3412,"column":18}}]},"301":{"line":3415,"type":"if","locations":[{"start":{"line":3415,"column":16},"end":{"line":3415,"column":16}},{"start":{"line":3415,"column":16},"end":{"line":3415,"column":16}}]},"302":{"line":3415,"type":"binary-expr","locations":[{"start":{"line":3415,"column":19},"end":{"line":3415,"column":47}},{"start":{"line":3415,"column":51},"end":{"line":3415,"column":61}}]},"303":{"line":3419,"type":"if","locations":[{"start":{"line":3419,"column":13},"end":{"line":3419,"column":13}},{"start":{"line":3419,"column":13},"end":{"line":3419,"column":13}}]},"304":{"line":3517,"type":"if","locations":[{"start":{"line":3517,"column":5},"end":{"line":3517,"column":5}},{"start":{"line":3517,"column":5},"end":{"line":3517,"column":5}}]},"305":{"line":3518,"type":"if","locations":[{"start":{"line":3518,"column":7},"end":{"line":3518,"column":7}},{"start":{"line":3518,"column":7},"end":{"line":3518,"column":7}}]},"306":{"line":3520,"type":"if","locations":[{"start":{"line":3520,"column":9},"end":{"line":3520,"column":9}},{"start":{"line":3520,"column":9},"end":{"line":3520,"column":9}}]},"307":{"line":3523,"type":"if","locations":[{"start":{"line":3523,"column":16},"end":{"line":3523,"column":16}},{"start":{"line":3523,"column":16},"end":{"line":3523,"column":16}}]},"308":{"line":3527,"type":"if","locations":[{"start":{"line":3527,"column":16},"end":{"line":3527,"column":16}},{"start":{"line":3527,"column":16},"end":{"line":3527,"column":16}}]},"309":{"line":3527,"type":"binary-expr","locations":[{"start":{"line":3527,"column":19},"end":{"line":3527,"column":35}},{"start":{"line":3527,"column":39},"end":{"line":3527,"column":66}}]},"310":{"line":3531,"type":"if","locations":[{"start":{"line":3531,"column":13},"end":{"line":3531,"column":13}},{"start":{"line":3531,"column":13},"end":{"line":3531,"column":13}}]},"311":{"line":3535,"type":"if","locations":[{"start":{"line":3535,"column":11},"end":{"line":3535,"column":11}},{"start":{"line":3535,"column":11},"end":{"line":3535,"column":11}}]},"312":{"line":3537,"type":"if","locations":[{"start":{"line":3537,"column":11},"end":{"line":3537,"column":11}},{"start":{"line":3537,"column":11},"end":{"line":3537,"column":11}}]},"313":{"line":3542,"type":"if","locations":[{"start":{"line":3542,"column":14},"end":{"line":3542,"column":14}},{"start":{"line":3542,"column":14},"end":{"line":3542,"column":14}}]},"314":{"line":3552,"type":"if","locations":[{"start":{"line":3552,"column":9},"end":{"line":3552,"column":9}},{"start":{"line":3552,"column":9},"end":{"line":3552,"column":9}}]},"315":{"line":3555,"type":"if","locations":[{"start":{"line":3555,"column":14},"end":{"line":3555,"column":14}},{"start":{"line":3555,"column":14},"end":{"line":3555,"column":14}}]},"316":{"line":3555,"type":"binary-expr","locations":[{"start":{"line":3555,"column":17},"end":{"line":3555,"column":30}},{"start":{"line":3555,"column":34},"end":{"line":3555,"column":50}},{"start":{"line":3555,"column":54},"end":{"line":3555,"column":78}}]},"317":{"line":3564,"type":"if","locations":[{"start":{"line":3564,"column":13},"end":{"line":3564,"column":13}},{"start":{"line":3564,"column":13},"end":{"line":3564,"column":13}}]},"318":{"line":3572,"type":"if","locations":[{"start":{"line":3572,"column":9},"end":{"line":3572,"column":9}},{"start":{"line":3572,"column":9},"end":{"line":3572,"column":9}}]},"319":{"line":3574,"type":"if","locations":[{"start":{"line":3574,"column":9},"end":{"line":3574,"column":9}},{"start":{"line":3574,"column":9},"end":{"line":3574,"column":9}}]},"320":{"line":3642,"type":"if","locations":[{"start":{"line":3642,"column":9},"end":{"line":3642,"column":9}},{"start":{"line":3642,"column":9},"end":{"line":3642,"column":9}}]},"321":{"line":3703,"type":"if","locations":[{"start":{"line":3703,"column":5},"end":{"line":3703,"column":5}},{"start":{"line":3703,"column":5},"end":{"line":3703,"column":5}}]},"322":{"line":3705,"type":"if","locations":[{"start":{"line":3705,"column":12},"end":{"line":3705,"column":12}},{"start":{"line":3705,"column":12},"end":{"line":3705,"column":12}}]},"323":{"line":3737,"type":"if","locations":[{"start":{"line":3737,"column":5},"end":{"line":3737,"column":5}},{"start":{"line":3737,"column":5},"end":{"line":3737,"column":5}}]},"324":{"line":3739,"type":"if","locations":[{"start":{"line":3739,"column":12},"end":{"line":3739,"column":12}},{"start":{"line":3739,"column":12},"end":{"line":3739,"column":12}}]},"325":{"line":3739,"type":"binary-expr","locations":[{"start":{"line":3739,"column":15},"end":{"line":3739,"column":36}},{"start":{"line":3739,"column":40},"end":{"line":3739,"column":63}}]},"326":{"line":3740,"type":"binary-expr","locations":[{"start":{"line":3740,"column":105},"end":{"line":3740,"column":123}},{"start":{"line":3740,"column":127},"end":{"line":3740,"column":149}}]},"327":{"line":3745,"type":"if","locations":[{"start":{"line":3745,"column":11},"end":{"line":3745,"column":11}},{"start":{"line":3745,"column":11},"end":{"line":3745,"column":11}}]},"328":{"line":3753,"type":"if","locations":[{"start":{"line":3753,"column":12},"end":{"line":3753,"column":12}},{"start":{"line":3753,"column":12},"end":{"line":3753,"column":12}}]},"329":{"line":3753,"type":"binary-expr","locations":[{"start":{"line":3753,"column":15},"end":{"line":3753,"column":26}},{"start":{"line":3753,"column":30},"end":{"line":3753,"column":43}},{"start":{"line":3753,"column":47},"end":{"line":3753,"column":69}},{"start":{"line":3753,"column":73},"end":{"line":3753,"column":97}}]},"330":{"line":3759,"type":"if","locations":[{"start":{"line":3759,"column":7},"end":{"line":3759,"column":7}},{"start":{"line":3759,"column":7},"end":{"line":3759,"column":7}}]},"331":{"line":3783,"type":"if","locations":[{"start":{"line":3783,"column":5},"end":{"line":3783,"column":5}},{"start":{"line":3783,"column":5},"end":{"line":3783,"column":5}}]},"332":{"line":3785,"type":"if","locations":[{"start":{"line":3785,"column":12},"end":{"line":3785,"column":12}},{"start":{"line":3785,"column":12},"end":{"line":3785,"column":12}}]},"333":{"line":3785,"type":"binary-expr","locations":[{"start":{"line":3785,"column":15},"end":{"line":3785,"column":36}},{"start":{"line":3785,"column":40},"end":{"line":3785,"column":63}}]},"334":{"line":3789,"type":"if","locations":[{"start":{"line":3789,"column":11},"end":{"line":3789,"column":11}},{"start":{"line":3789,"column":11},"end":{"line":3789,"column":11}}]},"335":{"line":3796,"type":"if","locations":[{"start":{"line":3796,"column":13},"end":{"line":3796,"column":13}},{"start":{"line":3796,"column":13},"end":{"line":3796,"column":13}}]},"336":{"line":3803,"type":"if","locations":[{"start":{"line":3803,"column":12},"end":{"line":3803,"column":12}},{"start":{"line":3803,"column":12},"end":{"line":3803,"column":12}}]},"337":{"line":3803,"type":"binary-expr","locations":[{"start":{"line":3803,"column":15},"end":{"line":3803,"column":26}},{"start":{"line":3803,"column":30},"end":{"line":3803,"column":43}},{"start":{"line":3803,"column":47},"end":{"line":3803,"column":69}},{"start":{"line":3803,"column":73},"end":{"line":3803,"column":97}}]},"338":{"line":3809,"type":"if","locations":[{"start":{"line":3809,"column":7},"end":{"line":3809,"column":7}},{"start":{"line":3809,"column":7},"end":{"line":3809,"column":7}}]},"339":{"line":3881,"type":"if","locations":[{"start":{"line":3881,"column":7},"end":{"line":3881,"column":7}},{"start":{"line":3881,"column":7},"end":{"line":3881,"column":7}}]},"340":{"line":3886,"type":"if","locations":[{"start":{"line":3886,"column":7},"end":{"line":3886,"column":7}},{"start":{"line":3886,"column":7},"end":{"line":3886,"column":7}}]},"341":{"line":3919,"type":"if","locations":[{"start":{"line":3919,"column":7},"end":{"line":3919,"column":7}},{"start":{"line":3919,"column":7},"end":{"line":3919,"column":7}}]},"342":{"line":3924,"type":"if","locations":[{"start":{"line":3924,"column":7},"end":{"line":3924,"column":7}},{"start":{"line":3924,"column":7},"end":{"line":3924,"column":7}}]},"343":{"line":3958,"type":"if","locations":[{"start":{"line":3958,"column":7},"end":{"line":3958,"column":7}},{"start":{"line":3958,"column":7},"end":{"line":3958,"column":7}}]},"344":{"line":3964,"type":"if","locations":[{"start":{"line":3964,"column":7},"end":{"line":3964,"column":7}},{"start":{"line":3964,"column":7},"end":{"line":3964,"column":7}}]},"345":{"line":4004,"type":"if","locations":[{"start":{"line":4004,"column":7},"end":{"line":4004,"column":7}},{"start":{"line":4004,"column":7},"end":{"line":4004,"column":7}}]},"346":{"line":4009,"type":"if","locations":[{"start":{"line":4009,"column":7},"end":{"line":4009,"column":7}},{"start":{"line":4009,"column":7},"end":{"line":4009,"column":7}}]},"347":{"line":4016,"type":"if","locations":[{"start":{"line":4016,"column":7},"end":{"line":4016,"column":7}},{"start":{"line":4016,"column":7},"end":{"line":4016,"column":7}}]},"348":{"line":4018,"type":"if","locations":[{"start":{"line":4018,"column":14},"end":{"line":4018,"column":14}},{"start":{"line":4018,"column":14},"end":{"line":4018,"column":14}}]},"349":{"line":4020,"type":"if","locations":[{"start":{"line":4020,"column":14},"end":{"line":4020,"column":14}},{"start":{"line":4020,"column":14},"end":{"line":4020,"column":14}}]},"350":{"line":4022,"type":"if","locations":[{"start":{"line":4022,"column":14},"end":{"line":4022,"column":14}},{"start":{"line":4022,"column":14},"end":{"line":4022,"column":14}}]},"351":{"line":4022,"type":"binary-expr","locations":[{"start":{"line":4022,"column":18},"end":{"line":4022,"column":34}},{"start":{"line":4022,"column":38},"end":{"line":4022,"column":65}}]},"352":{"line":4026,"type":"if","locations":[{"start":{"line":4026,"column":11},"end":{"line":4026,"column":11}},{"start":{"line":4026,"column":11},"end":{"line":4026,"column":11}}]},"353":{"line":4035,"type":"if","locations":[{"start":{"line":4035,"column":7},"end":{"line":4035,"column":7}},{"start":{"line":4035,"column":7},"end":{"line":4035,"column":7}}]},"354":{"line":4036,"type":"if","locations":[{"start":{"line":4036,"column":9},"end":{"line":4036,"column":9}},{"start":{"line":4036,"column":9},"end":{"line":4036,"column":9}}]},"355":{"line":4036,"type":"binary-expr","locations":[{"start":{"line":4036,"column":14},"end":{"line":4036,"column":41}},{"start":{"line":4036,"column":45},"end":{"line":4036,"column":70}}]},"356":{"line":4038,"type":"if","locations":[{"start":{"line":4038,"column":16},"end":{"line":4038,"column":16}},{"start":{"line":4038,"column":16},"end":{"line":4038,"column":16}}]},"357":{"line":4041,"type":"if","locations":[{"start":{"line":4041,"column":14},"end":{"line":4041,"column":14}},{"start":{"line":4041,"column":14},"end":{"line":4041,"column":14}}]},"358":{"line":4041,"type":"binary-expr","locations":[{"start":{"line":4041,"column":18},"end":{"line":4041,"column":47}},{"start":{"line":4041,"column":51},"end":{"line":4041,"column":61}}]},"359":{"line":4045,"type":"if","locations":[{"start":{"line":4045,"column":11},"end":{"line":4045,"column":11}},{"start":{"line":4045,"column":11},"end":{"line":4045,"column":11}}]}}}}