TN:
SF:/Users/yichun/Documents/work/node-stylus-require/test/webpack/webpack.test.js
FN:1,(anonymous_1)
FN:6,__webpack_require__
FN:45,(anonymous_3)
FN:49,(anonymous_4)
FN:51,(anonymous_5)
FN:63,(anonymous_6)
FN:83,(anonymous_7)
FN:104,should
FN:162,(anonymous_9)
FN:169,(anonymous_10)
FN:171,(anonymous_11)
FN:199,(anonymous_12)
FN:229,(anonymous_13)
FN:251,(anonymous_14)
FN:268,(anonymous_15)
FN:272,(anonymous_16)
FN:283,forEach
FN:303,(anonymous_18)
FN:305,(anonymous_19)
FN:314,(anonymous_20)
FN:323,(anonymous_21)
FN:335,(anonymous_22)
FN:356,(anonymous_23)
FN:364,(anonymous_24)
FN:373,(anonymous_25)
FN:379,(anonymous_26)
FN:385,(anonymous_27)
FN:392,(anonymous_28)
FN:416,Type
FN:426,TypeChecker
FN:431,(anonymous_31)
FN:436,(anonymous_32)
FN:437,(anonymous_33)
FN:444,(anonymous_34)
FN:445,(anonymous_35)
FN:452,(anonymous_36)
FN:475,(anonymous_37)
FN:508,(anonymous_38)
FN:514,(anonymous_39)
FN:519,(anonymous_40)
FN:524,(anonymous_41)
FN:530,(anonymous_42)
FN:540,getGlobalType
FN:548,(anonymous_44)
FN:557,(anonymous_45)
FN:604,(anonymous_46)
FN:617,(anonymous_47)
FN:627,(anonymous_48)
FN:632,genKeysFunc
FN:633,(anonymous_50)
FN:641,Formatter
FN:656,(anonymous_52)
FN:670,(anonymous_53)
FN:679,(anonymous_54)
FN:684,(anonymous_55)
FN:695,(anonymous_56)
FN:725,(anonymous_57)
FN:731,(anonymous_58)
FN:747,(anonymous_59)
FN:751,(anonymous_60)
FN:766,(anonymous_61)
FN:780,add
FN:786,formatObjectWithPrefix
FN:787,(anonymous_64)
FN:797,functionName
FN:810,(anonymous_66)
FN:826,(anonymous_67)
FN:836,generateFunctionForIndexedArray
FN:837,(anonymous_69)
FN:862,(anonymous_70)
FN:863,(anonymous_71)
FN:864,(anonymous_72)
FN:865,(anonymous_73)
FN:867,(anonymous_74)
FN:868,(anonymous_75)
FN:875,(anonymous_76)
FN:879,(anonymous_77)
FN:887,(anonymous_78)
FN:893,(anonymous_79)
FN:898,(anonymous_80)
FN:904,(anonymous_81)
FN:908,(anonymous_82)
FN:911,(anonymous_83)
FN:920,(anonymous_84)
FN:922,(anonymous_85)
FN:932,formatDate
FN:958,(anonymous_87)
FN:962,(anonymous_88)
FN:968,(anonymous_89)
FN:991,(anonymous_90)
FN:995,(anonymous_91)
FN:999,(anonymous_92)
FN:1003,(anonymous_93)
FN:1007,(anonymous_94)
FN:1011,(anonymous_95)
FN:1015,(anonymous_96)
FN:1044,(anonymous_97)
FN:1084,defaultFormat
FN:1094,(anonymous_99)
FN:1096,addSpaces
FN:1097,(anonymous_101)
FN:1100,pad
FN:1120,(anonymous_103)
FN:1128,(anonymous_104)
FN:1145,AssertionError
FN:1150,(anonymous_106)
FN:1190,prependIndent
FN:1194,indentLines
FN:1206,(anonymous_109)
FN:1226,(anonymous_110)
FN:1243,Assertion
FN:1280,(anonymous_112)
FN:1317,(anonymous_113)
FN:1330,PromisedAssertion
FN:1340,(anonymous_115)
FN:1364,(anonymous_116)
FN:1368,(anonymous_117)
FN:1416,(anonymous_118)
FN:1418,(anonymous_119)
FN:1435,(anonymous_120)
FN:1436,(anonymous_121)
FN:1438,(anonymous_122)
FN:1448,(anonymous_123)
FN:1449,(anonymous_124)
FN:1469,(anonymous_125)
FN:1487,(anonymous_126)
FN:1499,(anonymous_127)
FN:1509,(anonymous_128)
FN:1521,(anonymous_129)
FN:1549,(anonymous_130)
FN:1573,(anonymous_131)
FN:1584,(anonymous_132)
FN:1642,fail
FN:1671,ok
FN:1689,equal
FN:1704,notEqual
FN:1723,deepEqual
FN:1743,notDeepEqual
FN:1760,strictEqual
FN:1777,notStrictEqual
FN:1783,expectedException
FN:1799,_throws
FN:1840,(anonymous_143)
FN:1853,(anonymous_144)
FN:1864,(anonymous_145)
FN:1873,(anonymous_146)
FN:1879,makeResult
FN:1892,typeToString
FN:1913,eqInternal
FN:1916,result
FN:1928,checkPropertyEquality
FN:1932,checkAlso
FN:2204,eq
FN:2228,(anonymous_154)
FN:2230,format
FN:2241,(anonymous_156)
FN:2249,(anonymous_157)
FN:2269,(anonymous_158)
FN:2277,(anonymous_159)
FN:2285,(anonymous_160)
FN:2300,(anonymous_161)
FN:2318,(anonymous_162)
FN:2340,(anonymous_163)
FN:2350,(anonymous_164)
FN:2358,(anonymous_165)
FN:2370,(anonymous_166)
FN:2387,(anonymous_167)
FN:2408,(anonymous_168)
FN:2427,(anonymous_169)
FN:2446,(anonymous_170)
FN:2465,(anonymous_171)
FN:2488,(anonymous_172)
FN:2508,(anonymous_173)
FN:2522,(anonymous_174)
FN:2534,formatEqlResult
FN:2541,(anonymous_176)
FN:2563,(anonymous_177)
FN:2590,(anonymous_178)
FN:2601,addOneOf
FN:2602,(anonymous_180)
FN:2614,(anonymous_181)
FN:2664,(anonymous_182)
FN:2674,(anonymous_183)
FN:2681,(anonymous_184)
FN:2694,(anonymous_185)
FN:2710,(anonymous_186)
FN:2725,(anonymous_187)
FN:2739,(anonymous_188)
FN:2751,(anonymous_189)
FN:2763,(anonymous_190)
FN:2775,(anonymous_191)
FN:2787,(anonymous_192)
FN:2799,(anonymous_193)
FN:2811,(anonymous_194)
FN:2824,(anonymous_195)
FN:2839,(anonymous_196)
FN:2854,(anonymous_197)
FN:2869,(anonymous_198)
FN:2882,(anonymous_199)
FN:2894,(anonymous_200)
FN:2906,(anonymous_201)
FN:2914,(anonymous_202)
FN:2926,(anonymous_203)
FN:2943,(anonymous_204)
FN:2953,(anonymous_205)
FN:2966,(anonymous_206)
FN:2980,(anonymous_207)
FN:2987,processPropsArgs
FN:3018,(anonymous_209)
FN:3041,(anonymous_210)
FN:3049,(anonymous_211)
FN:3066,(anonymous_212)
FN:3091,(anonymous_213)
FN:3107,(anonymous_214)
FN:3115,(anonymous_215)
FN:3136,(anonymous_216)
FN:3173,(anonymous_217)
FN:3194,(anonymous_218)
FN:3221,(anonymous_219)
FN:3249,(anonymous_220)
FN:3260,(anonymous_221)
FN:3267,(anonymous_222)
FN:3300,(anonymous_223)
FN:3329,(anonymous_224)
FN:3338,(anonymous_225)
FN:3365,(anonymous_226)
FN:3444,(anonymous_227)
FN:3455,(anonymous_228)
FN:3514,(anonymous_229)
FN:3524,(anonymous_230)
FN:3530,(anonymous_231)
FN:3559,(anonymous_232)
FN:3605,(anonymous_233)
FN:3608,(anonymous_234)
FN:3634,(anonymous_235)
FN:3637,(anonymous_236)
FN:3658,(anonymous_237)
FN:3669,(anonymous_238)
FN:3696,(anonymous_239)
FN:3706,(anonymous_240)
FN:3733,(anonymous_241)
FN:3754,(anonymous_242)
FN:3779,(anonymous_243)
FN:3787,(anonymous_244)
FN:3788,(anonymous_245)
FN:3804,(anonymous_246)
FN:3822,(anonymous_247)
FN:3834,(anonymous_248)
FN:3847,(anonymous_249)
FN:3874,Assertion$fulfilled
FN:3880,next$onResolve
FN:3885,next$onReject
FN:3912,(anonymous_253)
FN:3918,(anonymous_254)
FN:3923,next$onError
FN:3951,(anonymous_256)
FN:3957,(anonymous_257)
FN:3963,next$onError
FN:3997,(anonymous_259)
FN:4003,(anonymous_260)
FN:4008,next$onError
FN:4084,(anonymous_262)
FN:4089,(anonymous_263)
FN:4106,(anonymous_264)
FNF:264
FNH:85
FNDA:1,(anonymous_1)
FNDA:51,__webpack_require__
FNDA:1,(anonymous_3)
FNDA:1,(anonymous_4)
FNDA:1,(anonymous_5)
FNDA:1,(anonymous_6)
FNDA:1,(anonymous_7)
FNDA:4,should
FNDA:1,(anonymous_9)
FNDA:0,(anonymous_10)
FNDA:0,(anonymous_11)
FNDA:0,(anonymous_12)
FNDA:12,(anonymous_13)
FNDA:1,(anonymous_14)
FNDA:0,(anonymous_15)
FNDA:1,(anonymous_16)
FNDA:0,forEach
FNDA:0,(anonymous_18)
FNDA:0,(anonymous_19)
FNDA:0,(anonymous_20)
FNDA:0,(anonymous_21)
FNDA:0,(anonymous_22)
FNDA:0,(anonymous_23)
FNDA:0,(anonymous_24)
FNDA:0,(anonymous_25)
FNDA:0,(anonymous_26)
FNDA:0,(anonymous_27)
FNDA:1,(anonymous_28)
FNDA:8,Type
FNDA:1,TypeChecker
FNDA:42,(anonymous_31)
FNDA:6,(anonymous_32)
FNDA:36,(anonymous_33)
FNDA:30,(anonymous_34)
FNDA:120,(anonymous_35)
FNDA:8,(anonymous_36)
FNDA:4,(anonymous_37)
FNDA:4,(anonymous_38)
FNDA:4,(anonymous_39)
FNDA:4,(anonymous_40)
FNDA:4,(anonymous_41)
FNDA:4,(anonymous_42)
FNDA:8,getGlobalType
FNDA:31,(anonymous_44)
FNDA:1,(anonymous_45)
FNDA:1,(anonymous_46)
FNDA:0,(anonymous_47)
FNDA:1,(anonymous_48)
FNDA:0,genKeysFunc
FNDA:0,(anonymous_50)
FNDA:0,Formatter
FNDA:0,(anonymous_52)
FNDA:0,(anonymous_53)
FNDA:0,(anonymous_54)
FNDA:0,(anonymous_55)
FNDA:0,(anonymous_56)
FNDA:0,(anonymous_57)
FNDA:0,(anonymous_58)
FNDA:0,(anonymous_59)
FNDA:0,(anonymous_60)
FNDA:0,(anonymous_61)
FNDA:33,add
FNDA:0,formatObjectWithPrefix
FNDA:0,(anonymous_64)
FNDA:0,functionName
FNDA:0,(anonymous_66)
FNDA:0,(anonymous_67)
FNDA:9,generateFunctionForIndexedArray
FNDA:0,(anonymous_69)
FNDA:0,(anonymous_70)
FNDA:0,(anonymous_71)
FNDA:0,(anonymous_72)
FNDA:0,(anonymous_73)
FNDA:2,(anonymous_74)
FNDA:0,(anonymous_75)
FNDA:0,(anonymous_76)
FNDA:0,(anonymous_77)
FNDA:0,(anonymous_78)
FNDA:0,(anonymous_79)
FNDA:0,(anonymous_80)
FNDA:0,(anonymous_81)
FNDA:0,(anonymous_82)
FNDA:0,(anonymous_83)
FNDA:0,(anonymous_84)
FNDA:0,(anonymous_85)
FNDA:0,formatDate
FNDA:0,(anonymous_87)
FNDA:0,(anonymous_88)
FNDA:0,(anonymous_89)
FNDA:0,(anonymous_90)
FNDA:0,(anonymous_91)
FNDA:0,(anonymous_92)
FNDA:0,(anonymous_93)
FNDA:0,(anonymous_94)
FNDA:0,(anonymous_95)
FNDA:0,(anonymous_96)
FNDA:0,(anonymous_97)
FNDA:0,defaultFormat
FNDA:1,(anonymous_99)
FNDA:0,addSpaces
FNDA:0,(anonymous_101)
FNDA:0,pad
FNDA:0,(anonymous_103)
FNDA:1,(anonymous_104)
FNDA:0,AssertionError
FNDA:0,(anonymous_106)
FNDA:0,prependIndent
FNDA:0,indentLines
FNDA:0,(anonymous_109)
FNDA:1,(anonymous_110)
FNDA:10,Assertion
FNDA:2,(anonymous_112)
FNDA:0,(anonymous_113)
FNDA:0,PromisedAssertion
FNDA:0,(anonymous_115)
FNDA:52,(anonymous_116)
FNDA:6,(anonymous_117)
FNDA:0,(anonymous_118)
FNDA:0,(anonymous_119)
FNDA:14,(anonymous_120)
FNDA:8,(anonymous_121)
FNDA:8,(anonymous_122)
FNDA:0,(anonymous_123)
FNDA:0,(anonymous_124)
FNDA:20,(anonymous_125)
FNDA:0,(anonymous_126)
FNDA:0,(anonymous_127)
FNDA:1,(anonymous_128)
FNDA:1,(anonymous_129)
FNDA:0,(anonymous_130)
FNDA:0,(anonymous_131)
FNDA:1,(anonymous_132)
FNDA:0,fail
FNDA:0,ok
FNDA:0,equal
FNDA:0,notEqual
FNDA:0,deepEqual
FNDA:0,notDeepEqual
FNDA:0,strictEqual
FNDA:0,notStrictEqual
FNDA:0,expectedException
FNDA:0,_throws
FNDA:0,(anonymous_143)
FNDA:0,(anonymous_144)
FNDA:0,(anonymous_145)
FNDA:1,(anonymous_146)
FNDA:19,makeResult
FNDA:0,typeToString
FNDA:8,eqInternal
FNDA:18,result
FNDA:6,checkPropertyEquality
FNDA:0,checkAlso
FNDA:2,eq
FNDA:1,(anonymous_154)
FNDA:12,format
FNDA:1,(anonymous_156)
FNDA:1,(anonymous_157)
FNDA:12,(anonymous_158)
FNDA:1,(anonymous_159)
FNDA:1,(anonymous_160)
FNDA:0,(anonymous_161)
FNDA:0,(anonymous_162)
FNDA:0,(anonymous_163)
FNDA:1,(anonymous_164)
FNDA:1,(anonymous_165)
FNDA:0,(anonymous_166)
FNDA:0,(anonymous_167)
FNDA:0,(anonymous_168)
FNDA:0,(anonymous_169)
FNDA:0,(anonymous_170)
FNDA:0,(anonymous_171)
FNDA:0,(anonymous_172)
FNDA:0,(anonymous_173)
FNDA:1,(anonymous_174)
FNDA:0,formatEqlResult
FNDA:1,(anonymous_176)
FNDA:0,(anonymous_177)
FNDA:2,(anonymous_178)
FNDA:2,addOneOf
FNDA:0,(anonymous_180)
FNDA:0,(anonymous_181)
FNDA:1,(anonymous_182)
FNDA:1,(anonymous_183)
FNDA:0,(anonymous_184)
FNDA:0,(anonymous_185)
FNDA:2,(anonymous_186)
FNDA:0,(anonymous_187)
FNDA:0,(anonymous_188)
FNDA:0,(anonymous_189)
FNDA:2,(anonymous_190)
FNDA:0,(anonymous_191)
FNDA:0,(anonymous_192)
FNDA:0,(anonymous_193)
FNDA:0,(anonymous_194)
FNDA:0,(anonymous_195)
FNDA:0,(anonymous_196)
FNDA:0,(anonymous_197)
FNDA:0,(anonymous_198)
FNDA:0,(anonymous_199)
FNDA:0,(anonymous_200)
FNDA:1,(anonymous_201)
FNDA:1,(anonymous_202)
FNDA:0,(anonymous_203)
FNDA:0,(anonymous_204)
FNDA:1,(anonymous_205)
FNDA:1,(anonymous_206)
FNDA:0,(anonymous_207)
FNDA:0,processPropsArgs
FNDA:0,(anonymous_209)
FNDA:0,(anonymous_210)
FNDA:0,(anonymous_211)
FNDA:0,(anonymous_212)
FNDA:0,(anonymous_213)
FNDA:0,(anonymous_214)
FNDA:0,(anonymous_215)
FNDA:0,(anonymous_216)
FNDA:0,(anonymous_217)
FNDA:0,(anonymous_218)
FNDA:0,(anonymous_219)
FNDA:0,(anonymous_220)
FNDA:0,(anonymous_221)
FNDA:0,(anonymous_222)
FNDA:0,(anonymous_223)
FNDA:1,(anonymous_224)
FNDA:1,(anonymous_225)
FNDA:0,(anonymous_226)
FNDA:1,(anonymous_227)
FNDA:1,(anonymous_228)
FNDA:0,(anonymous_229)
FNDA:0,(anonymous_230)
FNDA:0,(anonymous_231)
FNDA:0,(anonymous_232)
FNDA:0,(anonymous_233)
FNDA:0,(anonymous_234)
FNDA:0,(anonymous_235)
FNDA:0,(anonymous_236)
FNDA:1,(anonymous_237)
FNDA:1,(anonymous_238)
FNDA:0,(anonymous_239)
FNDA:0,(anonymous_240)
FNDA:0,(anonymous_241)
FNDA:0,(anonymous_242)
FNDA:0,(anonymous_243)
FNDA:0,(anonymous_244)
FNDA:0,(anonymous_245)
FNDA:0,(anonymous_246)
FNDA:1,(anonymous_247)
FNDA:1,(anonymous_248)
FNDA:0,(anonymous_249)
FNDA:0,Assertion$fulfilled
FNDA:0,next$onResolve
FNDA:0,next$onReject
FNDA:0,(anonymous_253)
FNDA:0,(anonymous_254)
FNDA:0,next$onError
FNDA:0,(anonymous_256)
FNDA:0,(anonymous_257)
FNDA:0,next$onError
FNDA:0,(anonymous_259)
FNDA:0,(anonymous_260)
FNDA:0,next$onError
FNDA:0,(anonymous_262)
FNDA:0,(anonymous_263)
FNDA:1,(anonymous_264)
DA:1,1
DA:3,1
DA:6,1
DA:9,51
DA:10,24
DA:13,27
DA:20,27
DA:23,27
DA:26,27
DA:31,1
DA:34,1
DA:37,1
DA:40,1
DA:47,1
DA:49,1
DA:51,1
DA:52,1
DA:54,1
DA:55,1
DA:65,1
DA:67,1
DA:68,1
DA:71,1
DA:72,1
DA:73,1
DA:78,1
DA:92,1
DA:104,1
DA:105,4
DA:108,1
DA:109,1
DA:111,1
DA:112,1
DA:113,1
DA:137,1
DA:140,1
DA:162,1
DA:163,1
DA:164,1
DA:166,1
DA:168,1
DA:172,0
DA:177,1
DA:199,1
DA:200,0
DA:202,0
DA:203,0
DA:205,0
DA:206,0
DA:209,0
DA:229,1
DA:230,12
DA:231,12
DA:234,1
DA:259,1
DA:260,1
DA:268,1
DA:269,0
DA:272,1
DA:273,1
DA:274,1
DA:275,11
DA:278,1
DA:281,1
DA:283,1
DA:284,0
DA:285,0
DA:286,0
DA:287,0
DA:288,0
DA:289,0
DA:290,0
DA:291,0
DA:294,0
DA:295,0
DA:296,0
DA:297,0
DA:303,1
DA:304,0
DA:305,0
DA:306,0
DA:307,0
DA:308,0
DA:311,0
DA:314,1
DA:315,0
DA:316,0
DA:317,0
DA:320,0
DA:323,1
DA:324,0
DA:325,0
DA:335,1
DA:336,0
DA:337,0
DA:339,0
DA:341,0
DA:345,0
DA:351,0
DA:356,1
DA:357,0
DA:358,0
DA:360,0
DA:364,1
DA:365,0
DA:367,0
DA:373,1
DA:374,0
DA:376,0
DA:379,1
DA:380,0
DA:383,1
DA:385,1
DA:386,0
DA:394,1
DA:396,1
DA:416,1
DA:417,8
DA:418,8
DA:419,8
DA:426,1
DA:427,1
DA:430,1
DA:432,42
DA:433,42
DA:437,6
DA:438,36
DA:439,4
DA:445,30
DA:446,120
DA:447,0
DA:453,8
DA:454,8
DA:456,8
DA:457,180
DA:458,180
DA:464,1
DA:468,1
DA:476,4
DA:509,4
DA:511,0
DA:515,4
DA:516,0
DA:520,4
DA:521,0
DA:526,4
DA:527,0
DA:531,4
DA:540,1
DA:541,8
DA:544,1
DA:545,1
DA:546,1
DA:548,1
DA:549,31
DA:552,1
DA:559,1
DA:599,1
DA:612,1
DA:614,1
DA:618,0
DA:622,1
DA:629,1
DA:630,1
DA:632,1
DA:633,0
DA:634,0
DA:635,0
DA:636,0
DA:641,1
DA:642,0
DA:644,0
DA:645,0
DA:647,0
DA:648,0
DA:650,0
DA:653,1
DA:657,0
DA:658,0
DA:659,0
DA:660,0
DA:661,0
DA:663,0
DA:664,0
DA:666,0
DA:667,0
DA:671,0
DA:672,0
DA:674,0
DA:676,0
DA:677,0
DA:678,0
DA:679,0
DA:681,0
DA:682,0
DA:684,0
DA:685,0
DA:687,0
DA:689,0
DA:690,0
DA:691,0
DA:693,0
DA:695,0
DA:696,0
DA:697,0
DA:698,0
DA:701,0
DA:702,0
DA:704,0
DA:705,0
DA:706,0
DA:707,0
DA:709,0
DA:710,0
DA:713,0
DA:715,0
DA:716,0
DA:718,0
DA:719,0
DA:721,0
DA:726,0
DA:728,0
DA:730,0
DA:731,0
DA:732,0
DA:733,0
DA:734,0
DA:736,0
DA:738,0
DA:740,0
DA:741,0
DA:743,0
DA:748,0
DA:752,0
DA:754,0
DA:756,0
DA:763,0
DA:767,0
DA:769,0
DA:776,0
DA:780,1
DA:781,33
DA:782,33
DA:783,33
DA:786,1
DA:787,0
DA:788,0
DA:789,0
DA:790,0
DA:791,0
DA:795,1
DA:797,1
DA:798,0
DA:799,0
DA:801,0
DA:802,0
DA:804,0
DA:806,0
DA:807,0
DA:810,1
DA:811,0
DA:812,0
DA:813,0
DA:816,0
DA:817,0
DA:818,0
DA:822,0
DA:826,1
DA:827,0
DA:828,0
DA:829,0
DA:831,0
DA:833,0
DA:836,1
DA:837,9
DA:838,0
DA:839,0
DA:840,0
DA:841,0
DA:842,0
DA:843,0
DA:844,0
DA:845,0
DA:846,0
DA:848,0
DA:849,0
DA:851,0
DA:852,0
DA:854,0
DA:855,0
DA:857,0
DA:862,1
DA:863,1
DA:864,1
DA:865,1
DA:867,1
DA:868,2
DA:869,0
DA:875,1
DA:876,0
DA:878,0
DA:881,0
DA:887,1
DA:888,0
DA:893,1
DA:894,0
DA:895,0
DA:898,1
DA:899,0
DA:904,1
DA:905,0
DA:908,1
DA:909,0
DA:912,0
DA:913,0
DA:920,1
DA:921,0
DA:923,0
DA:924,0
DA:932,1
DA:933,0
DA:935,0
DA:941,0
DA:949,0
DA:950,0
DA:951,0
DA:952,0
DA:953,0
DA:955,0
DA:958,1
DA:959,0
DA:962,1
DA:963,0
DA:968,1
DA:969,0
DA:975,1
DA:977,1
DA:979,1
DA:980,1
DA:981,1
DA:983,1
DA:984,1
DA:986,1
DA:987,1
DA:991,1
DA:992,0
DA:995,1
DA:996,0
DA:999,1
DA:1000,0
DA:1003,1
DA:1004,0
DA:1007,1
DA:1008,0
DA:1011,1
DA:1012,0
DA:1015,1
DA:1016,0
DA:1017,0
DA:1019,0
DA:1021,0
DA:1023,0
DA:1024,0
DA:1025,0
DA:1026,0
DA:1027,0
DA:1028,0
DA:1030,0
DA:1033,0
DA:1035,0
DA:1037,0
DA:1038,0
DA:1040,0
DA:1044,1
DA:1045,0
DA:1046,0
DA:1048,0
DA:1050,0
DA:1052,0
DA:1053,0
DA:1054,0
DA:1055,0
DA:1056,0
DA:1058,0
DA:1059,0
DA:1060,0
DA:1062,0
DA:1065,0
DA:1066,0
DA:1068,0
DA:1071,0
DA:1073,0
DA:1075,0
DA:1076,0
DA:1078,0
DA:1082,1
DA:1084,1
DA:1085,0
DA:1088,1
DA:1089,1
DA:1096,1
DA:1097,0
DA:1100,1
DA:1101,0
DA:1102,0
DA:1104,0
DA:1105,0
DA:1106,0
DA:1109,0
DA:1110,0
DA:1111,0
DA:1113,0
DA:1117,1
DA:1121,0
DA:1136,1
DA:1145,1
DA:1146,0
DA:1148,0
DA:1149,0
DA:1151,0
DA:1152,0
DA:1153,0
DA:1155,0
DA:1163,0
DA:1164,0
DA:1167,0
DA:1168,0
DA:1169,0
DA:1171,0
DA:1173,0
DA:1174,0
DA:1175,0
DA:1178,0
DA:1179,0
DA:1183,0
DA:1189,1
DA:1190,1
DA:1191,0
DA:1194,1
DA:1195,0
DA:1200,1
DA:1207,0
DA:1208,0
DA:1210,0
DA:1211,0
DA:1212,0
DA:1214,0
DA:1216,0
DA:1221,1
DA:1234,1
DA:1243,1
DA:1244,10
DA:1246,10
DA:1247,10
DA:1249,10
DA:1252,1
DA:1281,2
DA:1282,2
DA:1285,0
DA:1287,0
DA:1288,0
DA:1289,0
DA:1290,0
DA:1293,0
DA:1294,0
DA:1296,0
DA:1298,0
DA:1318,0
DA:1330,1
DA:1331,0
DA:1340,1
DA:1341,0
DA:1364,1
DA:1365,52
DA:1369,6
DA:1370,6
DA:1372,6
DA:1373,6
DA:1376,0
DA:1378,0
DA:1379,0
DA:1380,0
DA:1381,0
DA:1384,0
DA:1385,0
DA:1389,0
DA:1390,0
DA:1393,0
DA:1397,6
DA:1398,0
DA:1399,0
DA:1400,0
DA:1404,6
DA:1405,4
DA:1407,6
DA:1408,6
DA:1409,6
DA:1413,52
DA:1417,0
DA:1418,0
DA:1419,0
DA:1422,0
DA:1435,1
DA:1436,14
DA:1437,14
DA:1439,8
DA:1440,8
DA:1445,14
DA:1449,0
DA:1450,0
DA:1453,0
DA:1469,1
DA:1470,20
DA:1471,20
DA:1472,20
DA:1474,20
DA:1475,20
DA:1476,19
DA:1487,1
DA:1488,0
DA:1499,1
DA:1500,0
DA:1503,1
DA:1504,1
DA:1517,1
DA:1521,1
DA:1522,1
DA:1533,1
DA:1549,1
DA:1550,0
DA:1551,0
DA:1557,1
DA:1573,1
DA:1574,0
DA:1575,0
DA:1615,1
DA:1617,1
DA:1619,1
DA:1625,1
DA:1642,1
DA:1643,0
DA:1644,0
DA:1651,0
DA:1655,1
DA:1671,1
DA:1672,0
DA:1674,1
DA:1689,1
DA:1690,0
DA:1704,1
DA:1705,0
DA:1706,0
DA:1723,1
DA:1724,0
DA:1725,0
DA:1743,1
DA:1744,0
DA:1745,0
DA:1760,1
DA:1761,0
DA:1762,0
DA:1777,1
DA:1778,0
DA:1779,0
DA:1783,1
DA:1784,0
DA:1785,0
DA:1788,0
DA:1789,0
DA:1790,0
DA:1791,0
DA:1792,0
DA:1793,0
DA:1796,0
DA:1799,1
DA:1800,0
DA:1802,0
DA:1803,0
DA:1804,0
DA:1807,0
DA:1808,0
DA:1810,0
DA:1813,0
DA:1816,0
DA:1817,0
DA:1820,0
DA:1821,0
DA:1824,0
DA:1825,0
DA:1840,1
DA:1841,0
DA:1853,1
DA:1854,0
DA:1864,1
DA:1865,0
DA:1866,0
DA:1875,1
DA:1876,1
DA:1877,1
DA:1879,1
DA:1880,19
DA:1881,19
DA:1882,0
DA:1883,0
DA:1884,0
DA:1885,0
DA:1887,19
DA:1890,1
DA:1892,1
DA:1893,0
DA:1898,1
DA:1913,1
DA:1914,8
DA:1916,1
DA:1917,18
DA:1918,12
DA:1919,12
DA:1921,18
DA:1922,18
DA:1923,0
DA:1925,18
DA:1928,1
DA:1929,6
DA:1932,1
DA:1933,0
DA:1937,8
DA:1939,6
DA:1942,2
DA:1944,2
DA:1947,2
DA:1950,2
DA:1952,2
DA:1953,0
DA:1957,2
DA:1960,0
DA:1965,0
DA:1969,0
DA:1970,0
DA:1971,0
DA:1972,0
DA:1975,0
DA:1979,2
DA:1983,0
DA:1984,0
DA:1985,0
DA:1986,0
DA:1988,0
DA:1992,0
DA:1993,0
DA:1994,0
DA:1996,0
DA:2003,0
DA:2004,0
DA:2005,0
DA:2006,0
DA:2008,0
DA:2013,0
DA:2014,0
DA:2016,0
DA:2017,0
DA:2018,0
DA:2019,0
DA:2024,0
DA:2028,0
DA:2029,0
DA:2030,0
DA:2031,0
DA:2034,0
DA:2039,0
DA:2040,0
DA:2042,0
DA:2045,0
DA:2046,0
DA:2048,0
DA:2052,0
DA:2053,0
DA:2055,0
DA:2056,0
DA:2058,0
DA:2059,0
DA:2061,0
DA:2062,0
DA:2065,0
DA:2066,0
DA:2067,0
DA:2069,0
DA:2070,0
DA:2071,0
DA:2072,0
DA:2073,0
DA:2074,0
DA:2076,0
DA:2081,0
DA:2082,0
DA:2083,0
DA:2085,0
DA:2090,0
DA:2091,0
DA:2093,0
DA:2095,0
DA:2097,0
DA:2098,0
DA:2099,0
DA:2100,0
DA:2102,0
DA:2103,0
DA:2105,0
DA:2106,0
DA:2107,0
DA:2108,0
DA:2112,0
DA:2115,0
DA:2119,0
DA:2121,0
DA:2124,0
DA:2125,0
DA:2127,0
DA:2128,0
DA:2129,0
DA:2132,0
DA:2140,2
DA:2141,2
DA:2142,0
DA:2143,0
DA:2148,2
DA:2149,2
DA:2151,2
DA:2152,6
DA:2153,6
DA:2154,6
DA:2156,6
DA:2157,6
DA:2158,6
DA:2163,2
DA:2165,2
DA:2166,6
DA:2167,6
DA:2168,6
DA:2173,2
DA:2174,2
DA:2176,2
DA:2178,2
DA:2180,2
DA:2181,2
DA:2182,2
DA:2183,2
DA:2186,2
DA:2187,0
DA:2188,0
DA:2189,0
DA:2190,0
DA:2195,2
DA:2198,1
DA:2204,1
DA:2205,2
DA:2206,2
DA:2207,2
DA:2209,2
DA:2210,2
DA:2212,2
DA:2213,2
DA:2216,2
DA:2217,2
DA:2218,2
DA:2221,1
DA:2223,1
DA:2230,1
DA:2231,12
DA:2232,12
DA:2233,24
DA:2235,12
DA:2249,1
DA:2269,1
DA:2270,12
DA:2285,1
DA:2300,1
DA:2301,0
DA:2304,1
DA:2318,1
DA:2319,0
DA:2322,1
DA:2340,1
DA:2341,0
DA:2343,0
DA:2358,1
DA:2370,1
DA:2371,0
DA:2373,0
DA:2387,1
DA:2388,0
DA:2390,0
DA:2408,1
DA:2409,0
DA:2411,0
DA:2427,1
DA:2428,0
DA:2430,0
DA:2446,1
DA:2447,0
DA:2449,0
DA:2465,1
DA:2466,0
DA:2468,0
DA:2471,1
DA:2472,1
DA:2488,1
DA:2489,0
DA:2491,0
DA:2508,1
DA:2509,0
DA:2511,0
DA:2514,1
DA:2515,1
DA:2530,1
DA:2531,1
DA:2532,1
DA:2534,1
DA:2535,0
DA:2541,1
DA:2563,1
DA:2564,0
DA:2566,0
DA:2567,0
DA:2569,0
DA:2571,0
DA:2590,1
DA:2591,2
DA:2593,2
DA:2595,2
DA:2598,1
DA:2599,1
DA:2601,1
DA:2602,2
DA:2603,0
DA:2604,0
DA:2606,0
DA:2609,0
DA:2611,0
DA:2612,0
DA:2614,0
DA:2615,0
DA:2616,0
DA:2617,0
DA:2618,0
DA:2620,0
DA:2621,0
DA:2623,0
DA:2627,0
DA:2643,1
DA:2657,1
DA:2672,1
DA:2674,1
DA:2681,1
DA:2682,0
DA:2684,0
DA:2694,1
DA:2695,0
DA:2697,0
DA:2700,1
DA:2710,1
DA:2711,2
DA:2713,2
DA:2725,1
DA:2726,0
DA:2728,0
DA:2731,1
DA:2739,1
DA:2740,0
DA:2742,0
DA:2751,1
DA:2752,0
DA:2754,0
DA:2763,1
DA:2764,2
DA:2766,2
DA:2775,1
DA:2776,0
DA:2778,0
DA:2787,1
DA:2788,0
DA:2790,0
DA:2799,1
DA:2800,0
DA:2802,0
DA:2811,1
DA:2812,0
DA:2814,0
DA:2824,1
DA:2825,0
DA:2827,0
DA:2830,1
DA:2839,1
DA:2840,0
DA:2842,0
DA:2845,1
DA:2854,1
DA:2855,0
DA:2857,0
DA:2860,1
DA:2869,1
DA:2870,0
DA:2872,0
DA:2882,1
DA:2883,0
DA:2885,0
DA:2894,1
DA:2895,0
DA:2897,0
DA:2914,1
DA:2926,1
DA:2927,0
DA:2929,0
DA:2943,1
DA:2944,0
DA:2946,0
DA:2961,1
DA:2962,1
DA:2964,1
DA:2966,1
DA:2967,1
DA:2980,1
DA:2981,0
DA:2982,0
DA:2983,0
DA:2984,0
DA:2987,1
DA:2988,0
DA:2989,0
DA:2990,0
DA:2992,0
DA:2993,0
DA:2994,0
DA:2995,0
DA:2996,0
DA:2998,0
DA:2999,0
DA:3002,0
DA:3018,1
DA:3019,0
DA:3021,0
DA:3025,0
DA:3026,0
DA:3027,0
DA:3041,1
DA:3042,0
DA:3044,0
DA:3048,0
DA:3049,0
DA:3050,0
DA:3066,1
DA:3067,0
DA:3068,0
DA:3069,0
DA:3070,0
DA:3071,0
DA:3073,0
DA:3075,0
DA:3091,1
DA:3092,0
DA:3093,0
DA:3094,0
DA:3095,0
DA:3096,0
DA:3097,0
DA:3099,0
DA:3100,0
DA:3104,0
DA:3107,0
DA:3108,0
DA:3111,0
DA:3112,0
DA:3113,0
DA:3114,0
DA:3115,0
DA:3116,0
DA:3120,0
DA:3123,0
DA:3127,0
DA:3130,0
DA:3131,0
DA:3132,0
DA:3133,0
DA:3136,0
DA:3137,0
DA:3138,0
DA:3139,0
DA:3141,0
DA:3145,0
DA:3146,0
DA:3149,0
DA:3152,0
DA:3156,0
DA:3173,1
DA:3174,0
DA:3177,1
DA:3179,1
DA:3194,1
DA:3195,0
DA:3196,0
DA:3202,0
DA:3204,0
DA:3207,1
DA:3221,1
DA:3222,0
DA:3224,0
DA:3225,0
DA:3227,0
DA:3228,0
DA:3229,0
DA:3249,1
DA:3250,0
DA:3251,0
DA:3252,0
DA:3254,0
DA:3256,0
DA:3259,0
DA:3260,0
DA:3261,0
DA:3262,0
DA:3266,0
DA:3267,0
DA:3268,0
DA:3269,0
DA:3273,0
DA:3276,0
DA:3278,0
DA:3279,0
DA:3281,0
DA:3282,0
DA:3284,0
DA:3287,1
DA:3300,1
DA:3301,0
DA:3302,0
DA:3303,0
DA:3305,0
DA:3307,0
DA:3309,0
DA:3311,0
DA:3313,0
DA:3314,0
DA:3315,0
DA:3316,0
DA:3317,0
DA:3320,0
DA:3322,0
DA:3336,1
DA:3338,1
DA:3339,1
DA:3365,1
DA:3366,0
DA:3371,0
DA:3372,0
DA:3373,0
DA:3374,0
DA:3377,0
DA:3379,0
DA:3381,0
DA:3382,0
DA:3384,0
DA:3385,0
DA:3388,0
DA:3389,0
DA:3390,0
DA:3391,0
DA:3392,0
DA:3393,0
DA:3394,0
DA:3395,0
DA:3396,0
DA:3397,0
DA:3398,0
DA:3400,0
DA:3401,0
DA:3402,0
DA:3404,0
DA:3409,0
DA:3410,0
DA:3411,0
DA:3412,0
DA:3413,0
DA:3415,0
DA:3416,0
DA:3417,0
DA:3419,0
DA:3420,0
DA:3421,0
DA:3423,0
DA:3428,0
DA:3432,0
DA:3434,0
DA:3435,0
DA:3438,1
DA:3452,1
DA:3453,1
DA:3455,1
DA:3456,1
DA:3514,1
DA:3515,0
DA:3517,0
DA:3518,0
DA:3520,0
DA:3522,0
DA:3523,0
DA:3524,0
DA:3525,0
DA:3527,0
DA:3529,0
DA:3530,0
DA:3531,0
DA:3532,0
DA:3535,0
DA:3536,0
DA:3537,0
DA:3538,0
DA:3540,0
DA:3542,0
DA:3543,0
DA:3545,0
DA:3552,0
DA:3553,0
DA:3555,0
DA:3556,0
DA:3557,0
DA:3559,0
DA:3560,0
DA:3561,0
DA:3562,0
DA:3564,0
DA:3565,0
DA:3567,0
DA:3572,0
DA:3573,0
DA:3574,0
DA:3575,0
DA:3577,0
DA:3579,0
DA:3605,1
DA:3606,0
DA:3608,0
DA:3609,0
DA:3634,1
DA:3635,0
DA:3637,0
DA:3638,0
DA:3639,0
DA:3640,0
DA:3642,0
DA:3644,0
DA:3646,0
DA:3651,1
DA:3652,1
DA:3666,1
DA:3667,1
DA:3669,1
DA:3670,1
DA:3696,1
DA:3697,0
DA:3699,0
DA:3701,0
DA:3703,0
DA:3704,0
DA:3705,0
DA:3706,0
DA:3707,0
DA:3710,0
DA:3733,1
DA:3734,0
DA:3736,0
DA:3737,0
DA:3738,0
DA:3739,0
DA:3740,0
DA:3741,0
DA:3742,0
DA:3743,0
DA:3745,0
DA:3746,0
DA:3748,0
DA:3752,0
DA:3753,0
DA:3754,0
DA:3755,0
DA:3759,0
DA:3760,0
DA:3763,0
DA:3779,1
DA:3780,0
DA:3782,0
DA:3783,0
DA:3784,0
DA:3785,0
DA:3786,0
DA:3787,0
DA:3788,0
DA:3789,0
DA:3791,0
DA:3792,0
DA:3793,0
DA:3794,0
DA:3796,0
DA:3797,0
DA:3799,0
DA:3803,0
DA:3804,0
DA:3805,0
DA:3809,0
DA:3810,0
DA:3813,0
DA:3830,1
DA:3831,1
DA:3832,1
DA:3834,1
DA:3847,1
DA:3848,0
DA:3850,0
DA:3852,0
DA:3874,1
DA:3875,0
DA:3877,0
DA:3879,0
DA:3880,0
DA:3881,0
DA:3882,0
DA:3884,0
DA:3886,0
DA:3887,0
DA:3889,0
DA:3912,1
DA:3913,0
DA:3915,0
DA:3917,0
DA:3918,0
DA:3919,0
DA:3920,0
DA:3922,0
DA:3924,0
DA:3925,0
DA:3927,0
DA:3951,1
DA:3952,0
DA:3954,0
DA:3956,0
DA:3957,0
DA:3958,0
DA:3959,0
DA:3961,0
DA:3962,0
DA:3964,0
DA:3965,0
DA:3967,0
DA:3997,1
DA:3998,0
DA:4000,0
DA:4002,0
DA:4003,0
DA:4004,0
DA:4005,0
DA:4007,0
DA:4009,0
DA:4010,0
DA:4013,0
DA:4014,0
DA:4016,0
DA:4017,0
DA:4018,0
DA:4019,0
DA:4020,0
DA:4021,0
DA:4022,0
DA:4023,0
DA:4024,0
DA:4026,0
DA:4027,0
DA:4028,0
DA:4030,0
DA:4035,0
DA:4036,0
DA:4037,0
DA:4038,0
DA:4039,0
DA:4041,0
DA:4042,0
DA:4043,0
DA:4045,0
DA:4046,0
DA:4047,0
DA:4049,0
DA:4054,0
DA:4056,0
DA:4058,0
DA:4083,1
DA:4085,0
DA:4087,0
DA:4089,0
DA:4090,0
DA:4092,0
DA:4093,0
DA:4095,0
DA:4100,1
DA:4108,1
LF:1301
LH:438
BRDA:9,1,0,24
BRDA:9,1,1,27
BRDA:163,2,0,1
BRDA:163,2,1,0
BRDA:164,3,0,1
BRDA:164,3,1,0
BRDA:172,4,0,0
BRDA:172,4,1,0
BRDA:200,5,0,0
BRDA:200,5,1,0
BRDA:202,6,0,0
BRDA:202,6,1,0
BRDA:205,7,0,0
BRDA:205,7,1,0
BRDA:269,8,0,0
BRDA:269,8,1,0
BRDA:269,8,2,0
BRDA:273,9,0,1
BRDA:273,9,1,0
BRDA:273,10,0,1
BRDA:273,10,1,1
BRDA:284,11,0,0
BRDA:284,11,1,0
BRDA:286,12,0,0
BRDA:286,12,1,0
BRDA:289,13,0,0
BRDA:289,13,1,0
BRDA:295,14,0,0
BRDA:295,14,1,0
BRDA:296,15,0,0
BRDA:296,15,1,0
BRDA:306,16,0,0
BRDA:306,16,1,0
BRDA:316,17,0,0
BRDA:316,17,1,0
BRDA:325,18,0,0
BRDA:325,18,1,0
BRDA:325,18,2,0
BRDA:325,18,3,0
BRDA:325,18,4,0
BRDA:325,18,5,0
BRDA:325,18,6,0
BRDA:325,18,7,0
BRDA:325,18,8,0
BRDA:325,18,9,0
BRDA:325,18,10,0
BRDA:325,18,11,0
BRDA:325,18,12,0
BRDA:325,18,13,0
BRDA:325,18,14,0
BRDA:337,19,0,0
BRDA:337,19,1,0
BRDA:341,20,0,0
BRDA:341,20,1,0
BRDA:341,20,2,0
BRDA:341,20,3,0
BRDA:341,20,4,0
BRDA:341,20,5,0
BRDA:341,20,6,0
BRDA:357,21,0,0
BRDA:357,21,1,0
BRDA:365,22,0,0
BRDA:365,22,1,0
BRDA:367,23,0,0
BRDA:367,23,1,0
BRDA:367,23,2,0
BRDA:374,24,0,0
BRDA:374,24,1,0
BRDA:438,25,0,4
BRDA:438,25,1,32
BRDA:446,26,0,0
BRDA:446,26,1,120
BRDA:458,27,0,8
BRDA:458,27,1,172
BRDA:476,28,0,0
BRDA:476,28,1,4
BRDA:509,29,0,0
BRDA:509,29,1,4
BRDA:509,30,0,4
BRDA:509,30,1,4
BRDA:509,30,2,4
BRDA:515,31,0,0
BRDA:515,31,1,4
BRDA:515,32,0,4
BRDA:515,32,1,4
BRDA:520,33,0,0
BRDA:520,33,1,4
BRDA:520,34,0,4
BRDA:520,34,1,0
BRDA:526,35,0,0
BRDA:526,35,1,4
BRDA:526,36,0,4
BRDA:526,36,1,0
BRDA:526,36,2,0
BRDA:526,36,3,0
BRDA:618,37,0,0
BRDA:618,37,1,0
BRDA:642,38,0,0
BRDA:642,38,1,0
BRDA:645,39,0,0
BRDA:645,39,1,0
BRDA:647,40,0,0
BRDA:647,40,1,0
BRDA:648,41,0,0
BRDA:648,41,1,0
BRDA:659,42,0,0
BRDA:659,42,1,0
BRDA:663,43,0,0
BRDA:663,43,1,0
BRDA:666,44,0,0
BRDA:666,44,1,0
BRDA:666,44,2,0
BRDA:666,44,3,0
BRDA:671,45,0,0
BRDA:671,45,1,0
BRDA:672,46,0,0
BRDA:672,46,1,0
BRDA:676,47,0,0
BRDA:676,47,1,0
BRDA:677,48,0,0
BRDA:677,48,1,0
BRDA:678,49,0,0
BRDA:678,49,1,0
BRDA:679,50,0,0
BRDA:679,50,1,0
BRDA:685,51,0,0
BRDA:685,51,1,0
BRDA:689,52,0,0
BRDA:689,52,1,0
BRDA:695,53,0,0
BRDA:695,53,1,0
BRDA:701,54,0,0
BRDA:701,54,1,0
BRDA:701,54,2,0
BRDA:702,55,0,0
BRDA:702,55,1,0
BRDA:705,56,0,0
BRDA:705,56,1,0
BRDA:706,57,0,0
BRDA:706,57,1,0
BRDA:707,58,0,0
BRDA:707,58,1,0
BRDA:713,59,0,0
BRDA:713,59,1,0
BRDA:715,60,0,0
BRDA:715,60,1,0
BRDA:716,61,0,0
BRDA:716,61,1,0
BRDA:718,62,0,0
BRDA:718,62,1,0
BRDA:719,63,0,0
BRDA:719,63,1,0
BRDA:721,64,0,0
BRDA:721,64,1,0
BRDA:726,65,0,0
BRDA:726,65,1,0
BRDA:738,66,0,0
BRDA:738,66,1,0
BRDA:740,67,0,0
BRDA:740,67,1,0
BRDA:741,68,0,0
BRDA:741,68,1,0
BRDA:743,69,0,0
BRDA:743,69,1,0
BRDA:748,70,0,0
BRDA:748,70,1,0
BRDA:756,71,0,0
BRDA:756,71,1,0
BRDA:756,72,0,0
BRDA:756,72,1,0
BRDA:757,73,0,0
BRDA:757,73,1,0
BRDA:758,74,0,0
BRDA:758,74,1,0
BRDA:759,75,0,0
BRDA:759,75,1,0
BRDA:769,76,0,0
BRDA:769,76,1,0
BRDA:769,77,0,0
BRDA:769,77,1,0
BRDA:770,78,0,0
BRDA:770,78,1,0
BRDA:771,79,0,0
BRDA:771,79,1,0
BRDA:772,80,0,0
BRDA:772,80,1,0
BRDA:790,81,0,0
BRDA:790,81,1,0
BRDA:798,82,0,0
BRDA:798,82,1,0
BRDA:802,83,0,0
BRDA:802,83,1,0
BRDA:813,84,0,0
BRDA:813,84,1,0
BRDA:813,85,0,0
BRDA:813,85,1,0
BRDA:817,86,0,0
BRDA:817,86,1,0
BRDA:829,87,0,0
BRDA:829,87,1,0
BRDA:838,88,0,0
BRDA:838,88,1,0
BRDA:842,89,0,0
BRDA:842,89,1,0
BRDA:843,90,0,0
BRDA:843,90,1,0
BRDA:848,91,0,0
BRDA:848,91,1,0
BRDA:848,91,2,0
BRDA:849,92,0,0
BRDA:849,92,1,0
BRDA:851,93,0,0
BRDA:851,93,1,0
BRDA:854,94,0,0
BRDA:854,94,1,0
BRDA:864,95,0,0
BRDA:864,95,1,0
BRDA:881,96,0,0
BRDA:881,96,1,0
BRDA:894,97,0,0
BRDA:894,97,1,0
BRDA:894,98,0,0
BRDA:894,98,1,0
BRDA:912,99,0,0
BRDA:912,99,1,0
BRDA:923,100,0,0
BRDA:923,100,1,0
BRDA:933,101,0,0
BRDA:933,101,1,0
BRDA:953,102,0,0
BRDA:953,102,1,0
BRDA:955,103,0,0
BRDA:955,103,1,0
BRDA:1035,104,0,0
BRDA:1035,104,1,0
BRDA:1037,105,0,0
BRDA:1037,105,1,0
BRDA:1059,106,0,0
BRDA:1059,106,1,0
BRDA:1073,107,0,0
BRDA:1073,107,1,0
BRDA:1075,108,0,0
BRDA:1075,108,1,0
BRDA:1104,109,0,0
BRDA:1104,109,1,0
BRDA:1109,110,0,0
BRDA:1109,110,1,0
BRDA:1111,111,0,0
BRDA:1111,111,1,0
BRDA:1148,112,0,0
BRDA:1148,112,1,0
BRDA:1151,113,0,0
BRDA:1151,113,1,0
BRDA:1163,114,0,0
BRDA:1163,114,1,0
BRDA:1168,115,0,0
BRDA:1168,115,1,0
BRDA:1171,116,0,0
BRDA:1171,116,1,0
BRDA:1175,117,0,0
BRDA:1175,117,1,0
BRDA:1207,118,0,0
BRDA:1207,118,1,0
BRDA:1207,119,0,0
BRDA:1207,119,1,0
BRDA:1211,120,0,0
BRDA:1211,120,1,0
BRDA:1212,121,0,0
BRDA:1212,121,1,0
BRDA:1212,122,0,0
BRDA:1212,122,1,0
BRDA:1214,123,0,0
BRDA:1214,123,1,0
BRDA:1216,124,0,0
BRDA:1216,124,1,0
BRDA:1281,125,0,2
BRDA:1281,125,1,0
BRDA:1287,126,0,0
BRDA:1287,126,1,0
BRDA:1287,127,0,0
BRDA:1287,127,1,0
BRDA:1289,128,0,0
BRDA:1289,128,1,0
BRDA:1289,129,0,0
BRDA:1289,129,1,0
BRDA:1293,130,0,0
BRDA:1293,130,1,0
BRDA:1376,131,0,0
BRDA:1376,131,1,0
BRDA:1378,132,0,0
BRDA:1378,132,1,0
BRDA:1384,133,0,0
BRDA:1384,133,1,0
BRDA:1397,134,0,0
BRDA:1397,134,1,6
BRDA:1404,135,0,4
BRDA:1404,135,1,2
BRDA:1436,136,0,14
BRDA:1436,136,1,12
BRDA:1471,137,0,0
BRDA:1471,137,1,20
BRDA:1475,138,0,19
BRDA:1475,138,1,1
BRDA:1550,139,0,0
BRDA:1550,139,1,0
BRDA:1552,140,0,0
BRDA:1552,140,1,0
BRDA:1574,141,0,0
BRDA:1574,141,1,0
BRDA:1576,142,0,0
BRDA:1576,142,1,0
BRDA:1648,143,0,0
BRDA:1648,143,1,0
BRDA:1672,144,0,0
BRDA:1672,144,1,0
BRDA:1690,145,0,0
BRDA:1690,145,1,0
BRDA:1705,146,0,0
BRDA:1705,146,1,0
BRDA:1724,147,0,0
BRDA:1724,147,1,0
BRDA:1744,148,0,0
BRDA:1744,148,1,0
BRDA:1761,149,0,0
BRDA:1761,149,1,0
BRDA:1778,150,0,0
BRDA:1778,150,1,0
BRDA:1784,151,0,0
BRDA:1784,151,1,0
BRDA:1784,152,0,0
BRDA:1784,152,1,0
BRDA:1788,153,0,0
BRDA:1788,153,1,0
BRDA:1790,154,0,0
BRDA:1790,154,1,0
BRDA:1792,155,0,0
BRDA:1792,155,1,0
BRDA:1802,156,0,0
BRDA:1802,156,1,0
BRDA:1813,157,0,0
BRDA:1813,157,1,0
BRDA:1813,158,0,0
BRDA:1813,158,1,0
BRDA:1814,159,0,0
BRDA:1814,159,1,0
BRDA:1816,160,0,0
BRDA:1816,160,1,0
BRDA:1816,161,0,0
BRDA:1816,161,1,0
BRDA:1820,162,0,0
BRDA:1820,162,1,0
BRDA:1820,163,0,0
BRDA:1820,163,1,0
BRDA:1824,164,0,0
BRDA:1824,164,1,0
BRDA:1824,165,0,0
BRDA:1824,165,1,0
BRDA:1824,165,2,0
BRDA:1824,165,3,0
BRDA:1824,165,4,0
BRDA:1824,165,5,0
BRDA:1865,166,0,0
BRDA:1865,166,1,0
BRDA:1881,167,0,0
BRDA:1881,167,1,19
BRDA:1893,168,0,0
BRDA:1893,168,1,0
BRDA:1893,169,0,0
BRDA:1893,169,1,0
BRDA:1917,170,0,12
BRDA:1917,170,1,6
BRDA:1922,171,0,0
BRDA:1922,171,1,18
BRDA:1922,172,0,18
BRDA:1922,172,1,0
BRDA:1937,173,0,6
BRDA:1937,173,1,2
BRDA:1939,174,0,6
BRDA:1939,174,1,0
BRDA:1939,174,2,0
BRDA:1950,175,0,2
BRDA:1950,175,1,2
BRDA:1952,176,0,0
BRDA:1952,176,1,2
BRDA:1952,177,0,2
BRDA:1952,177,1,2
BRDA:1952,177,2,2
BRDA:1952,177,3,2
BRDA:1957,178,0,0
BRDA:1957,178,1,0
BRDA:1957,178,2,0
BRDA:1957,178,3,0
BRDA:1957,178,4,2
BRDA:1960,179,0,0
BRDA:1960,179,1,0
BRDA:1970,180,0,0
BRDA:1970,180,1,0
BRDA:1972,181,0,0
BRDA:1972,181,1,0
BRDA:1979,182,0,0
BRDA:1979,182,1,0
BRDA:1979,182,2,0
BRDA:1979,182,3,0
BRDA:1979,182,4,0
BRDA:1979,182,5,0
BRDA:1979,182,6,0
BRDA:1979,182,7,0
BRDA:1979,182,8,0
BRDA:1979,182,9,0
BRDA:1979,182,10,0
BRDA:1979,182,11,0
BRDA:1979,182,12,0
BRDA:1986,183,0,0
BRDA:1986,183,1,0
BRDA:1986,184,0,0
BRDA:1986,184,1,0
BRDA:1992,185,0,0
BRDA:1992,185,1,0
BRDA:1994,186,0,0
BRDA:1994,186,1,0
BRDA:1994,187,0,0
BRDA:1994,187,1,0
BRDA:2004,188,0,0
BRDA:2004,188,1,0
BRDA:2006,189,0,0
BRDA:2006,189,1,0
BRDA:2014,190,0,0
BRDA:2014,190,1,0
BRDA:2014,191,0,0
BRDA:2014,191,1,0
BRDA:2019,192,0,0
BRDA:2019,192,1,0
BRDA:2019,193,0,0
BRDA:2019,193,1,0
BRDA:2031,194,0,0
BRDA:2031,194,1,0
BRDA:2031,195,0,0
BRDA:2031,195,1,0
BRDA:2040,196,0,0
BRDA:2040,196,1,0
BRDA:2040,197,0,0
BRDA:2040,197,1,0
BRDA:2046,198,0,0
BRDA:2046,198,1,0
BRDA:2046,199,0,0
BRDA:2046,199,1,0
BRDA:2053,200,0,0
BRDA:2053,200,1,0
BRDA:2053,201,0,0
BRDA:2053,201,1,0
BRDA:2065,202,0,0
BRDA:2065,202,1,0
BRDA:2066,203,0,0
BRDA:2066,203,1,0
BRDA:2067,204,0,0
BRDA:2067,204,1,0
BRDA:2071,205,0,0
BRDA:2071,205,1,0
BRDA:2076,206,0,0
BRDA:2076,206,1,0
BRDA:2085,207,0,0
BRDA:2085,207,1,0
BRDA:2097,208,0,0
BRDA:2097,208,1,0
BRDA:2102,209,0,0
BRDA:2102,209,1,0
BRDA:2105,210,0,0
BRDA:2105,210,1,0
BRDA:2112,211,0,0
BRDA:2112,211,1,0
BRDA:2119,212,0,0
BRDA:2119,212,1,0
BRDA:2119,213,0,0
BRDA:2119,213,1,0
BRDA:2127,214,0,0
BRDA:2127,214,1,0
BRDA:2129,215,0,0
BRDA:2129,215,1,0
BRDA:2142,216,0,0
BRDA:2142,216,1,0
BRDA:2152,217,0,6
BRDA:2152,217,1,0
BRDA:2154,218,0,0
BRDA:2154,218,1,6
BRDA:2154,219,0,6
BRDA:2154,219,1,0
BRDA:2156,220,0,6
BRDA:2156,220,1,0
BRDA:2158,221,0,0
BRDA:2158,221,1,6
BRDA:2158,222,0,6
BRDA:2158,222,1,0
BRDA:2163,223,0,2
BRDA:2163,223,1,0
BRDA:2163,224,0,2
BRDA:2163,224,1,0
BRDA:2166,225,0,6
BRDA:2166,225,1,0
BRDA:2168,226,0,0
BRDA:2168,226,1,6
BRDA:2168,227,0,6
BRDA:2168,227,1,0
BRDA:2176,228,0,0
BRDA:2176,228,1,2
BRDA:2176,229,0,2
BRDA:2176,229,1,0
BRDA:2180,230,0,2
BRDA:2180,230,1,0
BRDA:2181,231,0,2
BRDA:2181,231,1,0
BRDA:2186,232,0,0
BRDA:2186,232,1,2
BRDA:2186,233,0,2
BRDA:2186,233,1,2
BRDA:2189,234,0,0
BRDA:2189,234,1,0
BRDA:2189,235,0,0
BRDA:2189,235,1,0
BRDA:2205,236,0,2
BRDA:2205,236,1,2
BRDA:2206,237,0,2
BRDA:2206,237,1,0
BRDA:2209,238,0,2
BRDA:2209,238,1,0
BRDA:2212,239,0,2
BRDA:2212,239,1,0
BRDA:2218,240,0,0
BRDA:2218,240,1,2
BRDA:2411,241,0,0
BRDA:2411,241,1,0
BRDA:2535,242,0,0
BRDA:2535,242,1,0
BRDA:2536,243,0,0
BRDA:2536,243,1,0
BRDA:2537,244,0,0
BRDA:2537,244,1,0
BRDA:2538,245,0,0
BRDA:2538,245,1,0
BRDA:2567,246,0,0
BRDA:2567,246,1,0
BRDA:2603,247,0,0
BRDA:2603,247,1,0
BRDA:2620,248,0,0
BRDA:2620,248,1,0
BRDA:2989,249,0,0
BRDA:2989,249,1,0
BRDA:2993,250,0,0
BRDA:2993,250,1,0
BRDA:2995,251,0,0
BRDA:2995,251,1,0
BRDA:3022,252,0,0
BRDA:3022,252,1,0
BRDA:3026,253,0,0
BRDA:3026,253,1,0
BRDA:3068,254,0,0
BRDA:3068,254,1,0
BRDA:3093,255,0,0
BRDA:3093,255,1,0
BRDA:3095,256,0,0
BRDA:3095,256,1,0
BRDA:3096,257,0,0
BRDA:3096,257,1,0
BRDA:3096,258,0,0
BRDA:3096,258,1,0
BRDA:3108,259,0,0
BRDA:3108,259,1,0
BRDA:3112,260,0,0
BRDA:3112,260,1,0
BRDA:3114,261,0,0
BRDA:3114,261,1,0
BRDA:3120,262,0,0
BRDA:3120,262,1,0
BRDA:3121,263,0,0
BRDA:3121,263,1,0
BRDA:3127,264,0,0
BRDA:3127,264,1,0
BRDA:3127,264,2,0
BRDA:3131,265,0,0
BRDA:3131,265,1,0
BRDA:3138,266,0,0
BRDA:3138,266,1,0
BRDA:3145,267,0,0
BRDA:3145,267,1,0
BRDA:3145,268,0,0
BRDA:3145,268,1,0
BRDA:3145,268,2,0
BRDA:3145,268,3,0
BRDA:3149,269,0,0
BRDA:3149,269,1,0
BRDA:3150,270,0,0
BRDA:3150,270,1,0
BRDA:3156,271,0,0
BRDA:3156,271,1,0
BRDA:3156,271,2,0
BRDA:3224,272,0,0
BRDA:3224,272,1,0
BRDA:3250,273,0,0
BRDA:3250,273,1,0
BRDA:3251,274,0,0
BRDA:3251,274,1,0
BRDA:3251,275,0,0
BRDA:3251,275,1,0
BRDA:3252,276,0,0
BRDA:3252,276,1,0
BRDA:3261,277,0,0
BRDA:3261,277,1,0
BRDA:3268,278,0,0
BRDA:3268,278,1,0
BRDA:3273,279,0,0
BRDA:3273,279,1,0
BRDA:3274,280,0,0
BRDA:3274,280,1,0
BRDA:3278,281,0,0
BRDA:3278,281,1,0
BRDA:3281,282,0,0
BRDA:3281,282,1,0
BRDA:3284,283,0,0
BRDA:3284,283,1,0
BRDA:3301,284,0,0
BRDA:3301,284,1,0
BRDA:3302,285,0,0
BRDA:3302,285,1,0
BRDA:3302,286,0,0
BRDA:3302,286,1,0
BRDA:3303,287,0,0
BRDA:3303,287,1,0
BRDA:3371,288,0,0
BRDA:3371,288,1,0
BRDA:3373,289,0,0
BRDA:3373,289,1,0
BRDA:3388,290,0,0
BRDA:3388,290,1,0
BRDA:3389,291,0,0
BRDA:3389,291,1,0
BRDA:3390,292,0,0
BRDA:3390,292,1,0
BRDA:3392,293,0,0
BRDA:3392,293,1,0
BRDA:3394,294,0,0
BRDA:3394,294,1,0
BRDA:3396,295,0,0
BRDA:3396,295,1,0
BRDA:3400,296,0,0
BRDA:3400,296,1,0
BRDA:3409,297,0,0
BRDA:3409,297,1,0
BRDA:3410,298,0,0
BRDA:3410,298,1,0
BRDA:3410,299,0,0
BRDA:3410,299,1,0
BRDA:3412,300,0,0
BRDA:3412,300,1,0
BRDA:3415,301,0,0
BRDA:3415,301,1,0
BRDA:3415,302,0,0
BRDA:3415,302,1,0
BRDA:3419,303,0,0
BRDA:3419,303,1,0
BRDA:3517,304,0,0
BRDA:3517,304,1,0
BRDA:3518,305,0,0
BRDA:3518,305,1,0
BRDA:3520,306,0,0
BRDA:3520,306,1,0
BRDA:3523,307,0,0
BRDA:3523,307,1,0
BRDA:3527,308,0,0
BRDA:3527,308,1,0
BRDA:3527,309,0,0
BRDA:3527,309,1,0
BRDA:3531,310,0,0
BRDA:3531,310,1,0
BRDA:3535,311,0,0
BRDA:3535,311,1,0
BRDA:3537,312,0,0
BRDA:3537,312,1,0
BRDA:3542,313,0,0
BRDA:3542,313,1,0
BRDA:3552,314,0,0
BRDA:3552,314,1,0
BRDA:3555,315,0,0
BRDA:3555,315,1,0
BRDA:3555,316,0,0
BRDA:3555,316,1,0
BRDA:3555,316,2,0
BRDA:3564,317,0,0
BRDA:3564,317,1,0
BRDA:3572,318,0,0
BRDA:3572,318,1,0
BRDA:3574,319,0,0
BRDA:3574,319,1,0
BRDA:3642,320,0,0
BRDA:3642,320,1,0
BRDA:3703,321,0,0
BRDA:3703,321,1,0
BRDA:3705,322,0,0
BRDA:3705,322,1,0
BRDA:3737,323,0,0
BRDA:3737,323,1,0
BRDA:3739,324,0,0
BRDA:3739,324,1,0
BRDA:3739,325,0,0
BRDA:3739,325,1,0
BRDA:3740,326,0,0
BRDA:3740,326,1,0
BRDA:3745,327,0,0
BRDA:3745,327,1,0
BRDA:3753,328,0,0
BRDA:3753,328,1,0
BRDA:3753,329,0,0
BRDA:3753,329,1,0
BRDA:3753,329,2,0
BRDA:3753,329,3,0
BRDA:3759,330,0,0
BRDA:3759,330,1,0
BRDA:3783,331,0,0
BRDA:3783,331,1,0
BRDA:3785,332,0,0
BRDA:3785,332,1,0
BRDA:3785,333,0,0
BRDA:3785,333,1,0
BRDA:3789,334,0,0
BRDA:3789,334,1,0
BRDA:3796,335,0,0
BRDA:3796,335,1,0
BRDA:3803,336,0,0
BRDA:3803,336,1,0
BRDA:3803,337,0,0
BRDA:3803,337,1,0
BRDA:3803,337,2,0
BRDA:3803,337,3,0
BRDA:3809,338,0,0
BRDA:3809,338,1,0
BRDA:3881,339,0,0
BRDA:3881,339,1,0
BRDA:3886,340,0,0
BRDA:3886,340,1,0
BRDA:3919,341,0,0
BRDA:3919,341,1,0
BRDA:3924,342,0,0
BRDA:3924,342,1,0
BRDA:3958,343,0,0
BRDA:3958,343,1,0
BRDA:3964,344,0,0
BRDA:3964,344,1,0
BRDA:4004,345,0,0
BRDA:4004,345,1,0
BRDA:4009,346,0,0
BRDA:4009,346,1,0
BRDA:4016,347,0,0
BRDA:4016,347,1,0
BRDA:4018,348,0,0
BRDA:4018,348,1,0
BRDA:4020,349,0,0
BRDA:4020,349,1,0
BRDA:4022,350,0,0
BRDA:4022,350,1,0
BRDA:4022,351,0,0
BRDA:4022,351,1,0
BRDA:4026,352,0,0
BRDA:4026,352,1,0
BRDA:4035,353,0,0
BRDA:4035,353,1,0
BRDA:4036,354,0,0
BRDA:4036,354,1,0
BRDA:4036,355,0,0
BRDA:4036,355,1,0
BRDA:4038,356,0,0
BRDA:4038,356,1,0
BRDA:4041,357,0,0
BRDA:4041,357,1,0
BRDA:4041,358,0,0
BRDA:4041,358,1,0
BRDA:4045,359,0,0
BRDA:4045,359,1,0
BRF:775
BRH:73
end_of_record
