{"/Users/yichun/Documents/work/node-stylus-require/compress.js":{"path":"/Users/yichun/Documents/work/node-stylus-require/compress.js","s":{"1":1,"2":1,"3":1,"4":1,"5":0,"6":0,"7":0},"b":{},"f":{"1":0},"fnMap":{"1":{"name":"(anonymous_1)","line":5,"loc":{"start":{"line":5,"column":17},"end":{"line":5,"column":38}}}},"statementMap":{"1":{"start":{"line":1,"column":0},"end":{"line":1,"column":35}},"2":{"start":{"line":2,"column":0},"end":{"line":2,"column":29}},"3":{"start":{"line":3,"column":0},"end":{"line":3,"column":35}},"4":{"start":{"line":5,"column":0},"end":{"line":11,"column":1}},"5":{"start":{"line":6,"column":2},"end":{"line":6,"column":10}},"6":{"start":{"line":8,"column":2},"end":{"line":8,"column":35}},"7":{"start":{"line":10,"column":2},"end":{"line":10,"column":29}}},"branchMap":{}}}